2025-12-16 18:32:40,073 {"timestamp": "2025-12-16T23:32:40.071321+00:00", "instrument": "AUD_CHF", "event": "SETUP", "side": "BUY", "level": "0.5278905555555555555555555556", "vwap": "0.5280383047619047619047619048"}
2025-12-16 18:32:41,069 {"timestamp": "2025-12-16T23:32:41.069461+00:00", "instrument": "AUD_CHF", "event": "ORDER_SENT", "side": "BUY", "entry": "0.52744", "sl": "0.52684", "tp": "0.52864"}
2025-12-16 18:34:22,803 {"timestamp": "2025-12-16T23:34:22.803163+00:00", "instrument": "AUD_CHF", "event": "SETUP", "side": "BUY", "level": "0.5278905555555555555555555556", "vwap": "0.5280384000000000000000000000"}
2025-12-16 18:34:23,847 {"timestamp": "2025-12-16T23:34:23.847322+00:00", "instrument": "AUD_CHF", "event": "ORDER_SENT", "side": "BUY", "entry": "0.52748", "sl": "0.52688", "tp": "0.52868"}
2025-12-16 18:36:08,661 {"timestamp": "2025-12-16T23:36:08.661288+00:00", "instrument": "AUD_CHF", "event": "SETUP", "side": "BUY", "level": "0.5278905555555555555555555556", "vwap": "0.5280350952380952380952380952"}
2025-12-16 18:36:09,652 {"timestamp": "2025-12-16T23:36:09.652008+00:00", "instrument": "AUD_CHF", "event": "ORDER_SENT", "side": "BUY", "entry": "0.52752", "sl": "0.52692", "tp": "0.52872"}
2025-12-16 18:37:55,641 {"timestamp": "2025-12-16T23:37:55.641731+00:00", "instrument": "AUD_CHF", "event": "SETUP", "side": "BUY", "level": "0.5278905555555555555555555556", "vwap": "0.5280350952380952380952380952"}
2025-12-16 18:37:56,660 {"timestamp": "2025-12-16T23:37:56.660467+00:00", "instrument": "AUD_CHF", "event": "ORDER_SENT", "side": "BUY", "entry": "0.52752", "sl": "0.52692", "tp": "0.52872"}
2025-12-17 01:23:57,506 {"timestamp": "2025-12-17T06:23:57.506736+00:00", "instrument": "AUD_CHF", "event": "ERROR", "message": "HTTPSConnectionPool(host='api-fxtrade.oanda.com', port=443): Max retries exceeded with url: /v3/accounts/001-001-9785546-001/summary (Caused by NameResolutionError(\"<urllib3.connection.HTTPSConnection object at 0x0000000004CB7ED0>: Failed to resolve 'api-fxtrade.oanda.com' ([Errno 11001] getaddrinfo failed)\"))"}
2025-12-17 01:43:09,018 {"timestamp": "2025-12-17T06:43:09.018257+00:00", "instrument": "AUD_CHF", "event": "SETUP", "side": "BUY", "units": 189, "vwap": "0.5305339575757575757575757576", "level": "0.527775000000000000000000000", "session": "TOKYO"}
2025-12-17 01:43:09,450 {"timestamp": "2025-12-17T06:43:09.450419+00:00", "instrument": "AUD_CHF", "event": "ORDER_SENT", "side": "BUY", "units": 189, "entry": "0.52745", "sl": "0.52685", "tp": "0.52865", "session": "TOKYO"}
2025-12-17 08:31:14,499 {"timestamp": "2025-12-17T13:31:14.498680+00:00", "instrument": "AUD_CHF", "event": "SETUP", "side": "BUY", "units": 332, "vwap": "0.5301304242424242424242424242", "level": "0.5268471428571428571428571429", "session": "LONDON"}
2025-12-17 08:31:14,837 {"timestamp": "2025-12-17T13:31:14.837497+00:00", "instrument": "AUD_CHF", "event": "ORDER_SENT", "side": "BUY", "units": 332, "entry": "0.52674", "sl": "0.52614", "tp": "0.52794", "session": "LONDON"}
2025-12-17 09:05:44,097 {"timestamp": "2025-12-17T14:05:44.096119+00:00", "instrument": "AUD_CHF", "event": "SETUP", "side": "BUY", "units": 331, "vwap": "0.5292346577777777777777777778", "level": "0.5273788888888888888888888889", "session": "LONDON"}
2025-12-17 09:05:45,098 {"timestamp": "2025-12-17T14:05:45.097890+00:00", "instrument": "AUD_CHF", "event": "ORDER_SENT", "side": "BUY", "units": 331, "entry": "0.52698", "sl": "0.52638", "tp": "0.52818", "session": "LONDON"}
2025-12-17 09:16:43,879 {"timestamp": "2025-12-17T14:16:43.879244+00:00", "instrument": "AUD_CHF", "event": "SETUP", "side": "BUY", "units": 331, "vwap": "0.5292347466666666666666666667", "level": "0.5273788888888888888888888889", "session": "LONDON"}
2025-12-17 09:16:44,830 {"timestamp": "2025-12-17T14:16:44.830414+00:00", "instrument": "AUD_CHF", "event": "ORDER_SENT", "side": "BUY", "units": 331, "entry": "0.52704", "sl": "0.52644", "tp": "0.52824", "session": "LONDON"}
2025-12-17 09:19:01,551 {"timestamp": "2025-12-17T14:19:01.551026+00:00", "instrument": "AUD_CHF", "event": "SETUP", "side": "BUY", "units": 331, "vwap": "0.5292348044444444444444444444", "level": "0.5273788888888888888888888889", "session": "LONDON"}
2025-12-17 09:19:02,489 {"timestamp": "2025-12-17T14:19:02.489865+00:00", "instrument": "AUD_CHF", "event": "ORDER_SENT", "side": "BUY", "units": 331, "entry": "0.52717", "sl": "0.52657", "tp": "0.52837", "session": "LONDON"}
2025-12-17 09:29:22,294 {"timestamp": "2025-12-17T14:29:22.294004+00:00", "instrument": "AUD_CHF", "event": "SETUP", "side": "BUY", "units": 331, "vwap": "0.5292347111111111111111111111", "level": "0.5273788888888888888888888889", "session": "LONDON"}
2025-12-17 09:29:23,367 {"timestamp": "2025-12-17T14:29:23.367575+00:00", "instrument": "AUD_CHF", "event": "ORDER_SENT", "side": "BUY", "units": 331, "entry": "0.52691", "sl": "0.52631", "tp": "0.52811", "session": "LONDON"}
2025-12-17 09:59:29,831 {"timestamp": "2025-12-17T14:59:29.830903+00:00", "instrument": "AUD_CHF", "event": "SETUP", "side": "BUY", "units": 331, "vwap": "0.5292402933333333333333333333", "level": "0.5273788888888888888888888889", "session": "LONDON"}
2025-12-17 09:59:31,015 {"timestamp": "2025-12-17T14:59:31.015715+00:00", "instrument": "AUD_CHF", "event": "ORDER_SENT", "side": "BUY", "units": 331, "entry": "0.52702", "sl": "0.52642", "tp": "0.52822", "session": "LONDON"}
