2025-12-16 18:33:58,763 {"timestamp": "2025-12-16T23:33:58.761965+00:00", "instrument": "AUD_USD", "event": "SETUP", "side": "BUY", "level": "0.6637742424242424242424242424", "vwap": "0.6636559714285714285714285714"}
2025-12-16 18:33:59,714 {"timestamp": "2025-12-16T23:33:59.714310+00:00", "instrument": "AUD_USD", "event": "ORDER_SENT", "side": "BUY", "entry": "0.66329", "sl": "0.66269", "tp": "0.66449"}
2025-12-16 18:35:41,285 {"timestamp": "2025-12-16T23:35:41.285188+00:00", "instrument": "AUD_USD", "event": "SETUP", "side": "BUY", "level": "0.6637742424242424242424242424", "vwap": "0.6636561523809523809523809524"}
2025-12-16 18:35:42,352 {"timestamp": "2025-12-16T23:35:42.352289+00:00", "instrument": "AUD_USD", "event": "ORDER_SENT", "side": "BUY", "entry": "0.66338", "sl": "0.66278", "tp": "0.66458"}
2025-12-16 18:37:28,270 {"timestamp": "2025-12-16T23:37:28.270066+00:00", "instrument": "AUD_USD", "event": "SETUP", "side": "BUY", "level": "0.6637742424242424242424242424", "vwap": "0.6636562285714285714285714286"}
2025-12-16 18:37:29,270 {"timestamp": "2025-12-16T23:37:29.270258+00:00", "instrument": "AUD_USD", "event": "ORDER_SENT", "side": "BUY", "entry": "0.66342", "sl": "0.66282", "tp": "0.66462"}
2025-12-16 21:07:34,772 {"timestamp": "2025-12-17T02:07:34.772809+00:00", "instrument": "AUD_USD", "event": "SETUP", "side": "BUY", "level": "0.6626833333333333333333333333", "vwap": "0.6635689523809523809523809524"}
2025-12-16 21:07:35,897 {"timestamp": "2025-12-17T02:07:35.896958+00:00", "instrument": "AUD_USD", "event": "ORDER_SENT", "side": "BUY", "entry": "0.66264", "sl": "0.66204", "tp": "0.66384"}
2025-12-16 21:09:21,045 {"timestamp": "2025-12-17T02:09:21.044944+00:00", "instrument": "AUD_USD", "event": "SETUP", "side": "BUY", "level": "0.6626833333333333333333333333", "vwap": "0.6635686857142857142857142857"}
2025-12-16 21:09:22,074 {"timestamp": "2025-12-17T02:09:22.074465+00:00", "instrument": "AUD_USD", "event": "ORDER_SENT", "side": "BUY", "entry": "0.66250", "sl": "0.66190", "tp": "0.66370"}
2025-12-16 21:11:07,775 {"timestamp": "2025-12-17T02:11:07.775014+00:00", "instrument": "AUD_USD", "event": "SETUP", "side": "BUY", "level": "0.6626833333333333333333333333", "vwap": "0.6635646476190476190476190476"}
2025-12-16 21:11:08,805 {"timestamp": "2025-12-17T02:11:08.805596+00:00", "instrument": "AUD_USD", "event": "ORDER_SENT", "side": "BUY", "entry": "0.66252", "sl": "0.66192", "tp": "0.66372"}
2025-12-17 01:23:57,458 {"timestamp": "2025-12-17T06:23:57.458712+00:00", "instrument": "AUD_USD", "event": "ERROR", "message": "HTTPSConnectionPool(host='api-fxtrade.oanda.com', port=443): Max retries exceeded with url: /v3/accounts/001-001-9785546-001/summary (Caused by NameResolutionError(\"<urllib3.connection.HTTPSConnection object at 0x0000000004CB7ED0>: Failed to resolve 'api-fxtrade.oanda.com' ([Errno 11001] getaddrinfo failed)\"))"}
2025-12-17 01:42:53,126 {"timestamp": "2025-12-17T06:42:53.125429+00:00", "instrument": "AUD_USD", "event": "SETUP", "side": "BUY", "units": 150, "vwap": "0.6647445939393939393939393939", "level": "0.661975", "session": "TOKYO"}
2025-12-17 01:42:53,535 {"timestamp": "2025-12-17T06:42:53.535559+00:00", "instrument": "AUD_USD", "event": "ORDER_SENT", "side": "BUY", "units": 150, "entry": "0.66188", "sl": "0.66128", "tp": "0.66308", "session": "TOKYO"}
2025-12-17 01:53:30,326 {"timestamp": "2025-12-17T06:53:30.326250+00:00", "instrument": "AUD_USD", "event": "SETUP", "side": "BUY", "units": 150, "vwap": "0.6647411636363636363636363636", "level": "0.661975", "session": "TOKYO"}
2025-12-17 01:53:31,293 {"timestamp": "2025-12-17T06:53:31.293887+00:00", "instrument": "AUD_USD", "event": "ORDER_SENT", "side": "BUY", "units": 150, "entry": "0.66196", "sl": "0.66136", "tp": "0.66316", "session": "TOKYO"}
2025-12-17 08:31:00,468 {"timestamp": "2025-12-17T13:31:00.468231+00:00", "instrument": "AUD_USD", "event": "SETUP", "side": "BUY", "units": 264, "vwap": "0.6646230606060606060606060606", "level": "0.6620666666666666666666666667", "session": "LONDON"}
2025-12-17 08:31:00,876 {"timestamp": "2025-12-17T13:31:00.876098+00:00", "instrument": "AUD_USD", "event": "ORDER_SENT", "side": "BUY", "units": 264, "entry": "0.66194", "sl": "0.66134", "tp": "0.66314", "session": "LONDON"}
2025-12-17 09:05:05,657 {"timestamp": "2025-12-17T14:05:05.657071+00:00", "instrument": "AUD_USD", "event": "SETUP", "side": "SELL", "units": 263, "vwap": "0.6601987244444444444444444444", "level": "0.6625891666666666666666666667", "session": "LONDON"}
2025-12-17 09:05:06,842 {"timestamp": "2025-12-17T14:05:06.842653+00:00", "instrument": "AUD_USD", "event": "ORDER_SENT", "side": "SELL", "units": 263, "entry": "0.66260", "sl": "0.66320", "tp": "0.66140", "session": "LONDON"}
2025-12-17 09:16:07,060 {"timestamp": "2025-12-17T14:16:07.060170+00:00", "instrument": "AUD_USD", "event": "SETUP", "side": "SELL", "units": 264, "vwap": "0.6601983688888888888888888889", "level": "0.661808", "session": "LONDON"}
2025-12-17 09:16:08,169 {"timestamp": "2025-12-17T14:16:08.169624+00:00", "instrument": "AUD_USD", "event": "ORDER_SENT", "side": "SELL", "units": 264, "entry": "0.66206", "sl": "0.66266", "tp": "0.66086", "session": "LONDON"}
2025-12-17 09:18:23,472 {"timestamp": "2025-12-17T14:18:23.471917+00:00", "instrument": "AUD_USD", "event": "SETUP", "side": "SELL", "units": 264, "vwap": "0.6601984488888888888888888889", "level": "0.661808", "session": "LONDON"}
2025-12-17 09:18:24,419 {"timestamp": "2025-12-17T14:18:24.419810+00:00", "instrument": "AUD_USD", "event": "ORDER_SENT", "side": "SELL", "units": 264, "entry": "0.66224", "sl": "0.66284", "tp": "0.66104", "session": "LONDON"}
2025-12-17 09:28:20,253 {"timestamp": "2025-12-17T14:28:20.253374+00:00", "instrument": "AUD_USD", "event": "SETUP", "side": "SELL", "units": 264, "vwap": "0.6601981466666666666666666667", "level": "0.661808", "session": "LONDON"}
2025-12-17 09:28:21,307 {"timestamp": "2025-12-17T14:28:21.307573+00:00", "instrument": "AUD_USD", "event": "ORDER_SENT", "side": "SELL", "units": 264, "entry": "0.66184", "sl": "0.66244", "tp": "0.66064", "session": "LONDON"}
2025-12-17 09:39:13,763 {"timestamp": "2025-12-17T14:39:13.763141+00:00", "instrument": "AUD_USD", "event": "SETUP", "side": "SELL", "units": 264, "vwap": "0.6602179466666666666666666667", "level": "0.661808", "session": "LONDON"}
2025-12-17 09:39:14,840 {"timestamp": "2025-12-17T14:39:14.840818+00:00", "instrument": "AUD_USD", "event": "ORDER_SENT", "side": "SELL", "units": 264, "entry": "0.66199", "sl": "0.66259", "tp": "0.66079", "session": "LONDON"}
