2025-12-16 18:12:05,356 {"timestamp": "2025-12-16T23:12:05.354063+00:00", "instrument": "AUD_JPY", "event": "SPREAD_BLOCK", "spread_pips": 1.6}
2025-12-16 18:13:20,425 {"timestamp": "2025-12-16T23:13:20.425266+00:00", "instrument": "AUD_JPY", "event": "SPREAD_BLOCK", "spread_pips": 1.8}
2025-12-16 18:14:35,527 {"timestamp": "2025-12-16T23:14:35.527783+00:00", "instrument": "AUD_JPY", "event": "SPREAD_BLOCK", "spread_pips": 1.7}
2025-12-16 18:15:52,508 {"timestamp": "2025-12-16T23:15:52.508555+00:00", "instrument": "AUD_JPY", "event": "SPREAD_BLOCK", "spread_pips": 1.9}
2025-12-16 18:18:23,423 {"timestamp": "2025-12-16T23:18:23.422881+00:00", "instrument": "AUD_JPY", "event": "SPREAD_BLOCK", "spread_pips": 1.6}
2025-12-16 18:26:35,568 {"timestamp": "2025-12-16T23:26:35.568703+00:00", "instrument": "AUD_JPY", "event": "SETUP", "side": "BUY", "level": "102.6742222222222222222222222", "vwap": "102.7903619047619047619047619"}
2025-12-16 18:26:36,699 {"timestamp": "2025-12-16T23:26:36.699401+00:00", "instrument": "AUD_JPY", "event": "ORDER_SENT", "side": "BUY", "entry": "102.626", "sl": "102.566", "tp": "102.746"}
2025-12-16 18:28:00,542 {"timestamp": "2025-12-16T23:28:00.542767+00:00", "instrument": "AUD_JPY", "event": "SETUP", "side": "BUY", "level": "102.6742222222222222222222222", "vwap": "102.7903638095238095238095238"}
2025-12-16 18:28:00,910 {"timestamp": "2025-12-16T23:28:00.910767+00:00", "instrument": "AUD_JPY", "event": "ORDER_SENT", "side": "BUY", "entry": "102.631", "sl": "102.571", "tp": "102.751"}
2025-12-16 18:29:17,410 {"timestamp": "2025-12-16T23:29:17.410329+00:00", "instrument": "AUD_JPY", "event": "SPREAD_BLOCK", "spread_pips": 1.6}
2025-12-16 18:30:53,506 {"timestamp": "2025-12-16T23:30:53.506152+00:00", "instrument": "AUD_JPY", "event": "SETUP", "side": "BUY", "level": "102.6742222222222222222222222", "vwap": "102.7891171428571428571428571"}
2025-12-16 18:30:54,491 {"timestamp": "2025-12-16T23:30:54.491482+00:00", "instrument": "AUD_JPY", "event": "ORDER_SENT", "side": "BUY", "entry": "102.632", "sl": "102.572", "tp": "102.752"}
2025-12-16 18:32:37,192 {"timestamp": "2025-12-16T23:32:37.192576+00:00", "instrument": "AUD_JPY", "event": "SETUP", "side": "BUY", "level": "102.6742222222222222222222222", "vwap": "102.7891247619047619047619048"}
2025-12-16 18:32:38,134 {"timestamp": "2025-12-16T23:32:38.134875+00:00", "instrument": "AUD_JPY", "event": "ORDER_SENT", "side": "BUY", "entry": "102.638", "sl": "102.578", "tp": "102.758"}
2025-12-16 18:34:20,795 {"timestamp": "2025-12-16T23:34:20.795267+00:00", "instrument": "AUD_JPY", "event": "SPREAD_BLOCK", "spread_pips": 1.6}
2025-12-16 18:36:05,393 {"timestamp": "2025-12-16T23:36:05.393545+00:00", "instrument": "AUD_JPY", "event": "SETUP", "side": "BUY", "level": "102.6742222222222222222222222", "vwap": "102.7880114285714285714285714"}
2025-12-16 18:36:06,455 {"timestamp": "2025-12-16T23:36:06.455544+00:00", "instrument": "AUD_JPY", "event": "ORDER_SENT", "side": "BUY", "entry": "102.658", "sl": "102.598", "tp": "102.778"}
2025-12-16 18:37:52,594 {"timestamp": "2025-12-16T23:37:52.594410+00:00", "instrument": "AUD_JPY", "event": "SETUP", "side": "BUY", "level": "102.6742222222222222222222222", "vwap": "102.7880200000000000000000000"}
2025-12-16 18:37:53,608 {"timestamp": "2025-12-16T23:37:53.608049+00:00", "instrument": "AUD_JPY", "event": "ORDER_SENT", "side": "BUY", "entry": "102.659", "sl": "102.599", "tp": "102.779"}
2025-12-16 21:09:45,260 {"timestamp": "2025-12-17T02:09:45.260569+00:00", "instrument": "AUD_JPY", "event": "SETUP", "side": "BUY", "level": "102.5638750000000000000000000", "vwap": "102.7402247619047619047619048"}
2025-12-16 21:09:46,385 {"timestamp": "2025-12-17T02:09:46.385336+00:00", "instrument": "AUD_JPY", "event": "ORDER_SENT", "side": "BUY", "entry": "102.555", "sl": "102.495", "tp": "102.675"}
2025-12-16 21:11:27,920 {"timestamp": "2025-12-17T02:11:27.920056+00:00", "instrument": "AUD_JPY", "event": "SETUP", "side": "BUY", "level": "102.5638750000000000000000000", "vwap": "102.7387466666666666666666667"}
2025-12-16 21:11:28,279 {"timestamp": "2025-12-17T02:11:28.279349+00:00", "instrument": "AUD_JPY", "event": "ORDER_SENT", "side": "BUY", "entry": "102.559", "sl": "102.499", "tp": "102.679"}
2025-12-16 21:26:00,942 {"timestamp": "2025-12-17T02:26:00.941808+00:00", "instrument": "AUD_JPY", "event": "SETUP", "side": "BUY", "units": 1, "vwap": "102.7347314285714285714285714", "level": "102.674750000000000000000000"}
2025-12-16 21:26:02,015 {"timestamp": "2025-12-17T02:26:02.015099+00:00", "instrument": "AUD_JPY", "event": "ORDER_SENT", "side": "BUY", "units": 1, "entry": "102.628", "sl": "102.568", "tp": "102.748"}
2025-12-17 01:23:57,506 {"timestamp": "2025-12-17T06:23:57.506398+00:00", "instrument": "AUD_JPY", "event": "ERROR", "message": "HTTPSConnectionPool(host='api-fxtrade.oanda.com', port=443): Max retries exceeded with url: /v3/accounts/001-001-9785546-001/summary (Caused by NameResolutionError(\"<urllib3.connection.HTTPSConnection object at 0x0000000004CB7ED0>: Failed to resolve 'api-fxtrade.oanda.com' ([Errno 11001] getaddrinfo failed)\"))"}
2025-12-17 01:43:07,445 {"timestamp": "2025-12-17T06:43:07.444420+00:00", "instrument": "AUD_JPY", "event": "MARGIN_BLOCK", "session": "TOKYO", "session_cap_usd": 2.0}
2025-12-17 01:53:58,481 {"timestamp": "2025-12-17T06:53:58.481129+00:00", "instrument": "AUD_JPY", "event": "MARGIN_BLOCK", "session": "TOKYO", "session_cap_usd": 2.0}
2025-12-17 08:31:12,787 {"timestamp": "2025-12-17T13:31:12.787563+00:00", "instrument": "AUD_JPY", "event": "SETUP", "side": "BUY", "units": 1, "vwap": "103.4091430303030303030303030", "level": "103.0121666666666666666666667", "session": "LONDON"}
2025-12-17 08:31:13,122 {"timestamp": "2025-12-17T13:31:13.122686+00:00", "instrument": "AUD_JPY", "event": "ORDER_SENT", "side": "BUY", "units": 1, "entry": "102.970", "sl": "102.910", "tp": "103.090", "session": "LONDON"}
2025-12-17 09:05:38,163 {"timestamp": "2025-12-17T14:05:38.162668+00:00", "instrument": "AUD_JPY", "event": "SETUP", "side": "SELL", "units": 1, "vwap": "102.7779697777777777777777778", "level": "102.9382500000000000000000000", "session": "LONDON"}
2025-12-17 09:05:39,395 {"timestamp": "2025-12-17T14:05:39.394909+00:00", "instrument": "AUD_JPY", "event": "ORDER_SENT", "side": "SELL", "units": 1, "entry": "102.950", "sl": "103.010", "tp": "102.830", "session": "LONDON"}
2025-12-17 09:29:16,724 {"timestamp": "2025-12-17T14:29:16.724770+00:00", "instrument": "AUD_JPY", "event": "SETUP", "side": "SELL", "units": 1, "vwap": "102.7780071111111111111111111", "level": "102.9382500000000000000000000", "session": "LONDON"}
2025-12-17 09:29:17,735 {"timestamp": "2025-12-17T14:29:17.735630+00:00", "instrument": "AUD_JPY", "event": "ORDER_SENT", "side": "SELL", "units": 1, "entry": "102.970", "sl": "103.030", "tp": "102.850", "session": "LONDON"}
2025-12-17 09:39:56,414 {"timestamp": "2025-12-17T14:39:56.414391+00:00", "instrument": "AUD_JPY", "event": "SETUP", "side": "SELL", "units": 1, "vwap": "102.7805871111111111111111111", "level": "102.9382500000000000000000000", "session": "LONDON"}
2025-12-17 09:39:57,684 {"timestamp": "2025-12-17T14:39:57.684226+00:00", "instrument": "AUD_JPY", "event": "ORDER_SENT", "side": "SELL", "units": 1, "entry": "102.981", "sl": "103.041", "tp": "102.861", "session": "LONDON"}
