2025-12-16 18:11:59,973 {"timestamp": "2025-12-16T23:11:59.970520+00:00", "instrument": "EUR_GBP", "event": "SETUP", "side": "BUY", "level": "0.8754054545454545454545454545", "vwap": "0.8776091619047619047619047619"}
2025-12-16 18:12:00,330 {"timestamp": "2025-12-16T23:12:00.330712+00:00", "instrument": "EUR_GBP", "event": "ORDER_SENT", "side": "BUY", "entry": "0.87516", "sl": "0.87456", "tp": "0.87636"}
2025-12-16 18:13:15,041 {"timestamp": "2025-12-16T23:13:15.041050+00:00", "instrument": "EUR_GBP", "event": "SETUP", "side": "BUY", "level": "0.8754054545454545454545454545", "vwap": "0.8776091809523809523809523810"}
2025-12-16 18:13:15,477 {"timestamp": "2025-12-16T23:13:15.476931+00:00", "instrument": "EUR_GBP", "event": "ORDER_SENT", "side": "BUY", "entry": "0.87518", "sl": "0.87458", "tp": "0.87638"}
2025-12-16 18:14:30,230 {"timestamp": "2025-12-16T23:14:30.230734+00:00", "instrument": "EUR_GBP", "event": "SETUP", "side": "BUY", "level": "0.8754054545454545454545454545", "vwap": "0.8776091619047619047619047619"}
2025-12-16 18:14:30,584 {"timestamp": "2025-12-16T23:14:30.584636+00:00", "instrument": "EUR_GBP", "event": "ORDER_SENT", "side": "BUY", "entry": "0.87516", "sl": "0.87456", "tp": "0.87636"}
2025-12-16 18:15:46,439 {"timestamp": "2025-12-16T23:15:46.439730+00:00", "instrument": "EUR_GBP", "event": "SETUP", "side": "BUY", "level": "0.8754054545454545454545454545", "vwap": "0.8775998190476190476190476190"}
2025-12-16 18:15:46,790 {"timestamp": "2025-12-16T23:15:46.790387+00:00", "instrument": "EUR_GBP", "event": "ORDER_SENT", "side": "BUY", "entry": "0.87514", "sl": "0.87454", "tp": "0.87634"}
2025-12-16 18:17:02,825 {"timestamp": "2025-12-16T23:17:02.825623+00:00", "instrument": "EUR_GBP", "event": "SETUP", "side": "BUY", "level": "0.8754054545454545454545454545", "vwap": "0.8775998380952380952380952381"}
2025-12-16 18:17:03,244 {"timestamp": "2025-12-16T23:17:03.244043+00:00", "instrument": "EUR_GBP", "event": "ORDER_SENT", "side": "BUY", "entry": "0.87516", "sl": "0.87456", "tp": "0.87636"}
2025-12-16 18:18:18,078 {"timestamp": "2025-12-16T23:18:18.078169+00:00", "instrument": "EUR_GBP", "event": "SETUP", "side": "BUY", "level": "0.8754054545454545454545454545", "vwap": "0.8775998571428571428571428571"}
2025-12-16 18:18:18,499 {"timestamp": "2025-12-16T23:18:18.499349+00:00", "instrument": "EUR_GBP", "event": "ORDER_SENT", "side": "BUY", "entry": "0.87516", "sl": "0.87456", "tp": "0.87636"}
2025-12-16 18:19:44,131 {"timestamp": "2025-12-16T23:19:44.131464+00:00", "instrument": "EUR_GBP", "event": "SETUP", "side": "BUY", "level": "0.8754054545454545454545454545", "vwap": "0.8775998761904761904761904762"}
2025-12-16 18:19:45,169 {"timestamp": "2025-12-16T23:19:45.169211+00:00", "instrument": "EUR_GBP", "event": "ORDER_SENT", "side": "BUY", "entry": "0.87518", "sl": "0.87458", "tp": "0.87638"}
2025-12-16 18:21:03,394 {"timestamp": "2025-12-16T23:21:03.394504+00:00", "instrument": "EUR_GBP", "event": "SETUP", "side": "BUY", "level": "0.8754054545454545454545454545", "vwap": "0.8775907238095238095238095238"}
2025-12-16 18:21:03,774 {"timestamp": "2025-12-16T23:21:03.774860+00:00", "instrument": "EUR_GBP", "event": "ORDER_SENT", "side": "BUY", "entry": "0.87520", "sl": "0.87460", "tp": "0.87640"}
2025-12-16 18:22:20,314 {"timestamp": "2025-12-16T23:22:20.314146+00:00", "instrument": "EUR_GBP", "event": "SETUP", "side": "BUY", "level": "0.8754054545454545454545454545", "vwap": "0.8775906857142857142857142857"}
2025-12-16 18:22:20,703 {"timestamp": "2025-12-16T23:22:20.703476+00:00", "instrument": "EUR_GBP", "event": "ORDER_SENT", "side": "BUY", "entry": "0.87518", "sl": "0.87458", "tp": "0.87638"}
2025-12-16 18:23:36,563 {"timestamp": "2025-12-16T23:23:36.563612+00:00", "instrument": "EUR_GBP", "event": "SETUP", "side": "BUY", "level": "0.8754054545454545454545454545", "vwap": "0.8775905904761904761904761905"}
2025-12-16 18:23:36,967 {"timestamp": "2025-12-16T23:23:36.967101+00:00", "instrument": "EUR_GBP", "event": "ORDER_SENT", "side": "BUY", "entry": "0.87513", "sl": "0.87453", "tp": "0.87633"}
2025-12-16 18:24:52,648 {"timestamp": "2025-12-16T23:24:52.648440+00:00", "instrument": "EUR_GBP", "event": "SETUP", "side": "BUY", "level": "0.8754054545454545454545454545", "vwap": "0.8775905904761904761904761905"}
2025-12-16 18:24:53,042 {"timestamp": "2025-12-16T23:24:53.042810+00:00", "instrument": "EUR_GBP", "event": "ORDER_SENT", "side": "BUY", "entry": "0.87513", "sl": "0.87453", "tp": "0.87633"}
2025-12-16 18:26:19,570 {"timestamp": "2025-12-16T23:26:19.570728+00:00", "instrument": "EUR_GBP", "event": "SETUP", "side": "BUY", "level": "0.8754054545454545454545454545", "vwap": "0.8775810095238095238095238095"}
2025-12-16 18:26:20,541 {"timestamp": "2025-12-16T23:26:20.541368+00:00", "instrument": "EUR_GBP", "event": "ORDER_SENT", "side": "BUY", "entry": "0.87512", "sl": "0.87452", "tp": "0.87632"}
2025-12-16 18:27:54,757 {"timestamp": "2025-12-16T23:27:54.756958+00:00", "instrument": "EUR_GBP", "event": "SETUP", "side": "BUY", "level": "0.8754054545454545454545454545", "vwap": "0.8775810095238095238095238095"}
2025-12-16 18:27:55,147 {"timestamp": "2025-12-16T23:27:55.147089+00:00", "instrument": "EUR_GBP", "event": "ORDER_SENT", "side": "BUY", "entry": "0.87512", "sl": "0.87452", "tp": "0.87632"}
2025-12-16 18:29:11,835 {"timestamp": "2025-12-16T23:29:11.834939+00:00", "instrument": "EUR_GBP", "event": "SETUP", "side": "BUY", "level": "0.8754054545454545454545454545", "vwap": "0.8775810095238095238095238095"}
2025-12-16 18:29:12,187 {"timestamp": "2025-12-16T23:29:12.186989+00:00", "instrument": "EUR_GBP", "event": "ORDER_SENT", "side": "BUY", "entry": "0.87512", "sl": "0.87452", "tp": "0.87632"}
2025-12-16 18:30:38,314 {"timestamp": "2025-12-16T23:30:38.314792+00:00", "instrument": "EUR_GBP", "event": "SETUP", "side": "BUY", "level": "0.8754054545454545454545454545", "vwap": "0.8775709904761904761904761905"}
2025-12-16 18:30:39,442 {"timestamp": "2025-12-16T23:30:39.442135+00:00", "instrument": "EUR_GBP", "event": "ORDER_SENT", "side": "BUY", "entry": "0.87512", "sl": "0.87452", "tp": "0.87632"}
2025-12-16 18:32:22,127 {"timestamp": "2025-12-16T23:32:22.127469+00:00", "instrument": "EUR_GBP", "event": "SETUP", "side": "BUY", "level": "0.8754054545454545454545454545", "vwap": "0.8775710571428571428571428571"}
2025-12-16 18:32:23,101 {"timestamp": "2025-12-16T23:32:23.101564+00:00", "instrument": "EUR_GBP", "event": "ORDER_SENT", "side": "BUY", "entry": "0.87514", "sl": "0.87454", "tp": "0.87634"}
2025-12-16 18:34:06,731 {"timestamp": "2025-12-16T23:34:06.731460+00:00", "instrument": "EUR_GBP", "event": "SETUP", "side": "BUY", "level": "0.8754054545454545454545454545", "vwap": "0.8775710857142857142857142857"}
2025-12-16 18:34:07,720 {"timestamp": "2025-12-16T23:34:07.720369+00:00", "instrument": "EUR_GBP", "event": "ORDER_SENT", "side": "BUY", "entry": "0.87517", "sl": "0.87457", "tp": "0.87637"}
2025-12-16 18:35:50,447 {"timestamp": "2025-12-16T23:35:50.447485+00:00", "instrument": "EUR_GBP", "event": "SETUP", "side": "BUY", "level": "0.8754054545454545454545454545", "vwap": "0.8775610476190476190476190476"}
2025-12-16 18:35:51,580 {"timestamp": "2025-12-16T23:35:51.580516+00:00", "instrument": "EUR_GBP", "event": "ORDER_SENT", "side": "BUY", "entry": "0.87512", "sl": "0.87452", "tp": "0.87632"}
2025-12-16 18:37:37,519 {"timestamp": "2025-12-16T23:37:37.519045+00:00", "instrument": "EUR_GBP", "event": "SETUP", "side": "BUY", "level": "0.8754054545454545454545454545", "vwap": "0.8775610857142857142857142857"}
2025-12-16 18:37:38,478 {"timestamp": "2025-12-16T23:37:38.478261+00:00", "instrument": "EUR_GBP", "event": "ORDER_SENT", "side": "BUY", "entry": "0.87516", "sl": "0.87456", "tp": "0.87636"}
2025-12-16 21:07:45,070 {"timestamp": "2025-12-17T02:07:45.070539+00:00", "instrument": "EUR_GBP", "event": "SETUP", "side": "BUY", "level": "0.87537200000000000000000000", "vwap": "0.8772714476190476190476190476"}
2025-12-16 21:07:46,096 {"timestamp": "2025-12-17T02:07:46.095843+00:00", "instrument": "EUR_GBP", "event": "ORDER_SENT", "side": "BUY", "entry": "0.87523", "sl": "0.87463", "tp": "0.87643"}
2025-12-16 21:09:30,200 {"timestamp": "2025-12-17T02:09:30.199865+00:00", "instrument": "EUR_GBP", "event": "SETUP", "side": "BUY", "level": "0.87537200000000000000000000", "vwap": "0.8772714190476190476190476190"}
2025-12-16 21:09:31,325 {"timestamp": "2025-12-17T02:09:31.325197+00:00", "instrument": "EUR_GBP", "event": "ORDER_SENT", "side": "BUY", "entry": "0.87520", "sl": "0.87460", "tp": "0.87640"}
2025-12-16 21:11:16,761 {"timestamp": "2025-12-17T02:11:16.761298+00:00", "instrument": "EUR_GBP", "event": "SETUP", "side": "BUY", "level": "0.87537200000000000000000000", "vwap": "0.8772617238095238095238095238"}
2025-12-16 21:11:17,713 {"timestamp": "2025-12-17T02:11:17.713655+00:00", "instrument": "EUR_GBP", "event": "ORDER_SENT", "side": "BUY", "entry": "0.87522", "sl": "0.87462", "tp": "0.87642"}
2025-12-17 01:23:57,459 {"timestamp": "2025-12-17T06:23:57.459460+00:00", "instrument": "EUR_GBP", "event": "ERROR", "message": "HTTPSConnectionPool(host='api-fxtrade.oanda.com', port=443): Max retries exceeded with url: /v3/accounts/001-001-9785546-001/summary (Caused by NameResolutionError(\"<urllib3.connection.HTTPSConnection object at 0x0000000004CB7ED0>: Failed to resolve 'api-fxtrade.oanda.com' ([Errno 11001] getaddrinfo failed)\"))"}
2025-12-17 01:42:59,394 {"timestamp": "2025-12-17T06:42:59.394204+00:00", "instrument": "EUR_GBP", "event": "SETUP", "side": "BUY", "units": 114, "vwap": "0.8761771636363636363636363636", "level": "0.875930000000000000000000000", "session": "TOKYO"}
2025-12-17 01:42:59,743 {"timestamp": "2025-12-17T06:42:59.743468+00:00", "instrument": "EUR_GBP", "event": "ORDER_SENT", "side": "BUY", "units": 114, "entry": "0.87590", "sl": "0.87530", "tp": "0.87710", "session": "TOKYO"}
2025-12-17 08:31:05,647 {"timestamp": "2025-12-17T13:31:05.646646+00:00", "instrument": "EUR_GBP", "event": "SETUP", "side": "SELL", "units": 199, "vwap": "0.8764133636363636363636363636", "level": "0.8780814285714285714285714286", "session": "LONDON"}
2025-12-17 08:31:05,965 {"timestamp": "2025-12-17T13:31:05.965071+00:00", "instrument": "EUR_GBP", "event": "ORDER_SENT", "side": "SELL", "units": 199, "entry": "0.87834", "sl": "0.87894", "tp": "0.87714", "session": "LONDON"}
2025-12-17 09:59:06,199 {"timestamp": "2025-12-17T14:59:06.197763+00:00", "instrument": "EUR_GBP", "event": "SETUP", "side": "SELL", "units": 199, "vwap": "0.8760783466666666666666666667", "level": "0.8783022222222222222222222222", "session": "LONDON"}
2025-12-17 09:59:07,196 {"timestamp": "2025-12-17T14:59:07.195910+00:00", "instrument": "EUR_GBP", "event": "ORDER_SENT", "side": "SELL", "units": 199, "entry": "0.87867", "sl": "0.87927", "tp": "0.87747", "session": "LONDON"}
