2025-12-16 18:12:01,512 {"timestamp": "2025-12-16T23:12:01.512244+00:00", "instrument": "EUR_CHF", "event": "SETUP", "side": "BUY", "level": "0.9347411111111111111111111111", "vwap": "0.9354396380952380952380952381"}
2025-12-16 18:12:01,868 {"timestamp": "2025-12-16T23:12:01.868089+00:00", "instrument": "EUR_CHF", "event": "ORDER_SENT", "side": "BUY", "entry": "0.93435", "sl": "0.93375", "tp": "0.93555"}
2025-12-16 18:13:16,722 {"timestamp": "2025-12-16T23:13:16.722253+00:00", "instrument": "EUR_CHF", "event": "SETUP", "side": "BUY", "level": "0.9347411111111111111111111111", "vwap": "0.9354396095238095238095238095"}
2025-12-16 18:13:17,104 {"timestamp": "2025-12-16T23:13:17.104444+00:00", "instrument": "EUR_CHF", "event": "ORDER_SENT", "side": "BUY", "entry": "0.93434", "sl": "0.93374", "tp": "0.93554"}
2025-12-16 18:14:31,760 {"timestamp": "2025-12-16T23:14:31.760133+00:00", "instrument": "EUR_CHF", "event": "SETUP", "side": "BUY", "level": "0.9347411111111111111111111111", "vwap": "0.9354395904761904761904761905"}
2025-12-16 18:14:32,117 {"timestamp": "2025-12-16T23:14:32.116929+00:00", "instrument": "EUR_CHF", "event": "ORDER_SENT", "side": "BUY", "entry": "0.93432", "sl": "0.93372", "tp": "0.93552"}
2025-12-16 18:15:47,908 {"timestamp": "2025-12-16T23:15:47.908543+00:00", "instrument": "EUR_CHF", "event": "SETUP", "side": "BUY", "level": "0.934709000000000000000000000", "vwap": "0.9354348761904761904761904762"}
2025-12-16 18:15:48,467 {"timestamp": "2025-12-16T23:15:48.467613+00:00", "instrument": "EUR_CHF", "event": "ORDER_SENT", "side": "BUY", "entry": "0.93432", "sl": "0.93372", "tp": "0.93552"}
2025-12-16 18:17:04,341 {"timestamp": "2025-12-16T23:17:04.341173+00:00", "instrument": "EUR_CHF", "event": "SETUP", "side": "BUY", "level": "0.934709000000000000000000000", "vwap": "0.9354348095238095238095238095"}
2025-12-16 18:17:04,709 {"timestamp": "2025-12-16T23:17:04.709344+00:00", "instrument": "EUR_CHF", "event": "ORDER_SENT", "side": "BUY", "entry": "0.93428", "sl": "0.93368", "tp": "0.93548"}
2025-12-16 18:18:19,629 {"timestamp": "2025-12-16T23:18:19.629366+00:00", "instrument": "EUR_CHF", "event": "SETUP", "side": "BUY", "level": "0.934709000000000000000000000", "vwap": "0.9354348190476190476190476190"}
2025-12-16 18:18:19,979 {"timestamp": "2025-12-16T23:18:19.979453+00:00", "instrument": "EUR_CHF", "event": "ORDER_SENT", "side": "BUY", "entry": "0.93429", "sl": "0.93369", "tp": "0.93549"}
2025-12-16 18:19:47,544 {"timestamp": "2025-12-16T23:19:47.544062+00:00", "instrument": "EUR_CHF", "event": "SETUP", "side": "BUY", "level": "0.934709000000000000000000000", "vwap": "0.9354348285714285714285714286"}
2025-12-16 18:19:47,972 {"timestamp": "2025-12-16T23:19:47.972095+00:00", "instrument": "EUR_CHF", "event": "ORDER_SENT", "side": "BUY", "entry": "0.93430", "sl": "0.93370", "tp": "0.93550"}
2025-12-16 18:21:04,941 {"timestamp": "2025-12-16T23:21:04.941881+00:00", "instrument": "EUR_CHF", "event": "SETUP", "side": "BUY", "level": "0.934709000000000000000000000", "vwap": "0.9354300571428571428571428571"}
2025-12-16 18:21:05,324 {"timestamp": "2025-12-16T23:21:05.324473+00:00", "instrument": "EUR_CHF", "event": "ORDER_SENT", "side": "BUY", "entry": "0.93430", "sl": "0.93370", "tp": "0.93550"}
2025-12-16 18:22:21,847 {"timestamp": "2025-12-16T23:22:21.847888+00:00", "instrument": "EUR_CHF", "event": "SETUP", "side": "BUY", "level": "0.934709000000000000000000000", "vwap": "0.9354300380952380952380952381"}
2025-12-16 18:22:22,200 {"timestamp": "2025-12-16T23:22:22.200658+00:00", "instrument": "EUR_CHF", "event": "ORDER_SENT", "side": "BUY", "entry": "0.93429", "sl": "0.93369", "tp": "0.93549"}
2025-12-16 18:23:38,086 {"timestamp": "2025-12-16T23:23:38.086080+00:00", "instrument": "EUR_CHF", "event": "SETUP", "side": "BUY", "level": "0.934709000000000000000000000", "vwap": "0.9354300380952380952380952381"}
2025-12-16 18:23:38,453 {"timestamp": "2025-12-16T23:23:38.453721+00:00", "instrument": "EUR_CHF", "event": "ORDER_SENT", "side": "BUY", "entry": "0.93429", "sl": "0.93369", "tp": "0.93549"}
2025-12-16 18:24:54,161 {"timestamp": "2025-12-16T23:24:54.160967+00:00", "instrument": "EUR_CHF", "event": "SETUP", "side": "BUY", "level": "0.934709000000000000000000000", "vwap": "0.9354301428571428571428571429"}
2025-12-16 18:24:54,575 {"timestamp": "2025-12-16T23:24:54.574980+00:00", "instrument": "EUR_CHF", "event": "ORDER_SENT", "side": "BUY", "entry": "0.93435", "sl": "0.93375", "tp": "0.93555"}
2025-12-16 18:26:23,619 {"timestamp": "2025-12-16T23:26:23.619165+00:00", "instrument": "EUR_CHF", "event": "SETUP", "side": "BUY", "level": "0.934709000000000000000000000", "vwap": "0.9354255047619047619047619048"}
2025-12-16 18:26:24,641 {"timestamp": "2025-12-16T23:26:24.641259+00:00", "instrument": "EUR_CHF", "event": "ORDER_SENT", "side": "BUY", "entry": "0.93434", "sl": "0.93374", "tp": "0.93554"}
2025-12-16 18:27:56,304 {"timestamp": "2025-12-16T23:27:56.304573+00:00", "instrument": "EUR_CHF", "event": "SETUP", "side": "BUY", "level": "0.934709000000000000000000000", "vwap": "0.9354254952380952380952380952"}
2025-12-16 18:27:56,677 {"timestamp": "2025-12-16T23:27:56.677666+00:00", "instrument": "EUR_CHF", "event": "ORDER_SENT", "side": "BUY", "entry": "0.93433", "sl": "0.93373", "tp": "0.93553"}
2025-12-16 18:29:13,350 {"timestamp": "2025-12-16T23:29:13.350110+00:00", "instrument": "EUR_CHF", "event": "SETUP", "side": "BUY", "level": "0.934709000000000000000000000", "vwap": "0.9354254952380952380952380952"}
2025-12-16 18:29:13,720 {"timestamp": "2025-12-16T23:29:13.720584+00:00", "instrument": "EUR_CHF", "event": "ORDER_SENT", "side": "BUY", "entry": "0.93433", "sl": "0.93373", "tp": "0.93553"}
2025-12-16 18:30:42,654 {"timestamp": "2025-12-16T23:30:42.654390+00:00", "instrument": "EUR_CHF", "event": "SETUP", "side": "BUY", "level": "0.934709000000000000000000000", "vwap": "0.9354208857142857142857142857"}
2025-12-16 18:30:43,604 {"timestamp": "2025-12-16T23:30:43.604296+00:00", "instrument": "EUR_CHF", "event": "ORDER_SENT", "side": "BUY", "entry": "0.93432", "sl": "0.93372", "tp": "0.93552"}
2025-12-16 18:32:26,040 {"timestamp": "2025-12-16T23:32:26.040760+00:00", "instrument": "EUR_CHF", "event": "SETUP", "side": "BUY", "level": "0.934709000000000000000000000", "vwap": "0.9354210190476190476190476190"}
2025-12-16 18:32:27,032 {"timestamp": "2025-12-16T23:32:27.032057+00:00", "instrument": "EUR_CHF", "event": "ORDER_SENT", "side": "BUY", "entry": "0.93439", "sl": "0.93379", "tp": "0.93559"}
2025-12-16 18:34:10,806 {"timestamp": "2025-12-16T23:34:10.806430+00:00", "instrument": "EUR_CHF", "event": "SETUP", "side": "BUY", "level": "0.934709000000000000000000000", "vwap": "0.9354210285714285714285714286"}
2025-12-16 18:34:11,762 {"timestamp": "2025-12-16T23:34:11.762580+00:00", "instrument": "EUR_CHF", "event": "ORDER_SENT", "side": "BUY", "entry": "0.93440", "sl": "0.93380", "tp": "0.93560"}
2025-12-16 21:09:34,226 {"timestamp": "2025-12-17T02:09:34.226337+00:00", "instrument": "EUR_CHF", "event": "SETUP", "side": "BUY", "level": "0.934110000000000000000000000", "vwap": "0.9352809333333333333333333333"}
2025-12-16 21:09:35,133 {"timestamp": "2025-12-17T02:09:35.133152+00:00", "instrument": "EUR_CHF", "event": "ORDER_SENT", "side": "BUY", "entry": "0.93408", "sl": "0.93348", "tp": "0.93528"}
2025-12-16 21:25:47,922 {"timestamp": "2025-12-17T02:25:47.921566+00:00", "instrument": "EUR_CHF", "event": "SETUP", "side": "BUY", "units": 133, "vwap": "0.9352608666666666666666666667", "level": "0.9342458823529411764705882353"}
2025-12-16 21:25:48,836 {"timestamp": "2025-12-17T02:25:48.836204+00:00", "instrument": "EUR_CHF", "event": "ORDER_SENT", "side": "BUY", "units": 133, "entry": "0.93422", "sl": "0.93362", "tp": "0.93542"}
2025-12-17 01:23:57,460 {"timestamp": "2025-12-17T06:23:57.459896+00:00", "instrument": "EUR_CHF", "event": "ERROR", "message": "HTTPSConnectionPool(host='api-fxtrade.oanda.com', port=443): Max retries exceeded with url: /v3/accounts/001-001-9785546-001/summary (Caused by NameResolutionError(\"<urllib3.connection.HTTPSConnection object at 0x0000000004CB7ED0>: Failed to resolve 'api-fxtrade.oanda.com' ([Errno 11001] getaddrinfo failed)\"))"}
2025-12-17 01:53:48,694 {"timestamp": "2025-12-17T06:53:48.693487+00:00", "instrument": "EUR_CHF", "event": "SETUP", "side": "BUY", "units": 107, "vwap": "0.9349499878787878787878787879", "level": "0.93463050000000000000000000", "session": "TOKYO"}
2025-12-17 01:53:49,678 {"timestamp": "2025-12-17T06:53:49.678334+00:00", "instrument": "EUR_CHF", "event": "ORDER_SENT", "side": "BUY", "units": 107, "entry": "0.93424", "sl": "0.93364", "tp": "0.93544", "session": "TOKYO"}
2025-12-17 09:05:21,002 {"timestamp": "2025-12-17T14:05:21.001596+00:00", "instrument": "EUR_CHF", "event": "SETUP", "side": "BUY", "units": 187, "vwap": "0.9346256711111111111111111111", "level": "0.9335371428571428571428571429", "session": "LONDON"}
2025-12-17 09:05:22,157 {"timestamp": "2025-12-17T14:05:22.157594+00:00", "instrument": "EUR_CHF", "event": "ORDER_SENT", "side": "BUY", "units": 187, "entry": "0.93342", "sl": "0.93282", "tp": "0.93462", "session": "LONDON"}
2025-12-17 09:18:40,981 {"timestamp": "2025-12-17T14:18:40.981514+00:00", "instrument": "EUR_CHF", "event": "SETUP", "side": "BUY", "units": 187, "vwap": "0.9346261555555555555555555556", "level": "0.93447950000000000000000000", "session": "LONDON"}
2025-12-17 09:18:41,956 {"timestamp": "2025-12-17T14:18:41.956315+00:00", "instrument": "EUR_CHF", "event": "ORDER_SENT", "side": "BUY", "units": 187, "entry": "0.93405", "sl": "0.93345", "tp": "0.93525", "session": "LONDON"}
2025-12-17 09:28:37,737 {"timestamp": "2025-12-17T14:28:37.737635+00:00", "instrument": "EUR_CHF", "event": "SETUP", "side": "BUY", "units": 187, "vwap": "0.9346262488888888888888888889", "level": "0.93447950000000000000000000", "session": "LONDON"}
2025-12-17 09:28:38,733 {"timestamp": "2025-12-17T14:28:38.733364+00:00", "instrument": "EUR_CHF", "event": "ORDER_SENT", "side": "BUY", "units": 187, "entry": "0.93408", "sl": "0.93348", "tp": "0.93528", "session": "LONDON"}
2025-12-17 09:39:32,246 {"timestamp": "2025-12-17T14:39:32.246766+00:00", "instrument": "EUR_CHF", "event": "SETUP", "side": "BUY", "units": 187, "vwap": "0.9346257022222222222222222222", "level": "0.93447950000000000000000000", "session": "LONDON"}
2025-12-17 09:39:33,473 {"timestamp": "2025-12-17T14:39:33.473486+00:00", "instrument": "EUR_CHF", "event": "ORDER_SENT", "side": "BUY", "units": 187, "entry": "0.93406", "sl": "0.93346", "tp": "0.93526", "session": "LONDON"}
