2025-12-16 18:12:07,643 {"timestamp": "2025-12-16T23:12:07.643158+00:00", "instrument": "NZD_CHF", "event": "SETUP", "side": "BUY", "level": "0.4600369230769230769230769231", "vwap": "0.4601739523809523809523809524"}
2025-12-16 18:12:07,987 {"timestamp": "2025-12-16T23:12:07.987313+00:00", "instrument": "NZD_CHF", "event": "ORDER_SENT", "side": "BUY", "entry": "0.45982", "sl": "0.45922", "tp": "0.46102"}
2025-12-16 18:13:22,766 {"timestamp": "2025-12-16T23:13:22.766247+00:00", "instrument": "NZD_CHF", "event": "SETUP", "side": "BUY", "level": "0.4600369230769230769230769231", "vwap": "0.4601739333333333333333333333"}
2025-12-16 18:13:23,150 {"timestamp": "2025-12-16T23:13:23.150201+00:00", "instrument": "NZD_CHF", "event": "ORDER_SENT", "side": "BUY", "entry": "0.45982", "sl": "0.45922", "tp": "0.46102"}
2025-12-16 18:14:37,959 {"timestamp": "2025-12-16T23:14:37.959662+00:00", "instrument": "NZD_CHF", "event": "SETUP", "side": "BUY", "level": "0.4600369230769230769230769231", "vwap": "0.4601739428571428571428571429"}
2025-12-16 18:14:38,339 {"timestamp": "2025-12-16T23:14:38.339207+00:00", "instrument": "NZD_CHF", "event": "ORDER_SENT", "side": "BUY", "entry": "0.45983", "sl": "0.45923", "tp": "0.46103"}
2025-12-16 18:15:54,844 {"timestamp": "2025-12-16T23:15:54.843919+00:00", "instrument": "NZD_CHF", "event": "SETUP", "side": "BUY", "level": "0.4600369230769230769230769231", "vwap": "0.4601698666666666666666666667"}
2025-12-16 18:15:55,231 {"timestamp": "2025-12-16T23:15:55.231115+00:00", "instrument": "NZD_CHF", "event": "ORDER_SENT", "side": "BUY", "entry": "0.45982", "sl": "0.45922", "tp": "0.46102"}
2025-12-16 18:17:10,769 {"timestamp": "2025-12-16T23:17:10.769113+00:00", "instrument": "NZD_CHF", "event": "SETUP", "side": "BUY", "level": "0.4600369230769230769230769231", "vwap": "0.4601698666666666666666666667"}
2025-12-16 18:17:11,148 {"timestamp": "2025-12-16T23:17:11.148661+00:00", "instrument": "NZD_CHF", "event": "ORDER_SENT", "side": "BUY", "entry": "0.45982", "sl": "0.45922", "tp": "0.46102"}
2025-12-16 18:18:25,911 {"timestamp": "2025-12-16T23:18:25.911670+00:00", "instrument": "NZD_CHF", "event": "SETUP", "side": "BUY", "level": "0.4600369230769230769230769231", "vwap": "0.4601699047619047619047619048"}
2025-12-16 18:18:26,293 {"timestamp": "2025-12-16T23:18:26.293336+00:00", "instrument": "NZD_CHF", "event": "ORDER_SENT", "side": "BUY", "entry": "0.45984", "sl": "0.45924", "tp": "0.46104"}
2025-12-16 18:19:54,572 {"timestamp": "2025-12-16T23:19:54.571992+00:00", "instrument": "NZD_CHF", "event": "SETUP", "side": "BUY", "level": "0.4600369230769230769230769231", "vwap": "0.4601698476190476190476190476"}
2025-12-16 18:19:54,995 {"timestamp": "2025-12-16T23:19:54.995528+00:00", "instrument": "NZD_CHF", "event": "ORDER_SENT", "side": "BUY", "entry": "0.45980", "sl": "0.45920", "tp": "0.46100"}
2025-12-16 18:21:12,164 {"timestamp": "2025-12-16T23:21:12.164601+00:00", "instrument": "NZD_CHF", "event": "SETUP", "side": "BUY", "level": "0.4600292857142857142857142857", "vwap": "0.4601658095238095238095238095"}
2025-12-16 18:21:12,540 {"timestamp": "2025-12-16T23:21:12.540434+00:00", "instrument": "NZD_CHF", "event": "ORDER_SENT", "side": "BUY", "entry": "0.45976", "sl": "0.45916", "tp": "0.46096"}
2025-12-16 18:22:28,374 {"timestamp": "2025-12-16T23:22:28.373898+00:00", "instrument": "NZD_CHF", "event": "SETUP", "side": "BUY", "level": "0.4600292857142857142857142857", "vwap": "0.4601657333333333333333333333"}
2025-12-16 18:22:28,741 {"timestamp": "2025-12-16T23:22:28.741464+00:00", "instrument": "NZD_CHF", "event": "ORDER_SENT", "side": "BUY", "entry": "0.45972", "sl": "0.45912", "tp": "0.46092"}
2025-12-16 18:23:44,657 {"timestamp": "2025-12-16T23:23:44.657360+00:00", "instrument": "NZD_CHF", "event": "SETUP", "side": "BUY", "level": "0.4600292857142857142857142857", "vwap": "0.4601657714285714285714285714"}
2025-12-16 18:23:45,044 {"timestamp": "2025-12-16T23:23:45.044796+00:00", "instrument": "NZD_CHF", "event": "ORDER_SENT", "side": "BUY", "entry": "0.45976", "sl": "0.45916", "tp": "0.46096"}
2025-12-16 18:25:00,736 {"timestamp": "2025-12-16T23:25:00.736357+00:00", "instrument": "NZD_CHF", "event": "SETUP", "side": "BUY", "level": "0.4600292857142857142857142857", "vwap": "0.4601658095238095238095238095"}
2025-12-16 18:25:01,115 {"timestamp": "2025-12-16T23:25:01.115033+00:00", "instrument": "NZD_CHF", "event": "ORDER_SENT", "side": "BUY", "entry": "0.45980", "sl": "0.45920", "tp": "0.46100"}
2025-12-16 18:26:42,886 {"timestamp": "2025-12-16T23:26:42.886079+00:00", "instrument": "NZD_CHF", "event": "SETUP", "side": "BUY", "level": "0.4600292857142857142857142857", "vwap": "0.4601658095238095238095238095"}
2025-12-16 18:26:43,908 {"timestamp": "2025-12-16T23:26:43.908892+00:00", "instrument": "NZD_CHF", "event": "ORDER_SENT", "side": "BUY", "entry": "0.45980", "sl": "0.45920", "tp": "0.46100"}
2025-12-16 18:28:03,263 {"timestamp": "2025-12-16T23:28:03.263750+00:00", "instrument": "NZD_CHF", "event": "SETUP", "side": "BUY", "level": "0.4600292857142857142857142857", "vwap": "0.4601621619047619047619047619"}
2025-12-16 18:28:03,626 {"timestamp": "2025-12-16T23:28:03.626756+00:00", "instrument": "NZD_CHF", "event": "ORDER_SENT", "side": "BUY", "entry": "0.45982", "sl": "0.45922", "tp": "0.46102"}
2025-12-16 18:29:19,644 {"timestamp": "2025-12-16T23:29:19.644592+00:00", "instrument": "NZD_CHF", "event": "SETUP", "side": "BUY", "level": "0.4600292857142857142857142857", "vwap": "0.4601620952380952380952380952"}
2025-12-16 18:29:20,002 {"timestamp": "2025-12-16T23:29:20.001908+00:00", "instrument": "NZD_CHF", "event": "ORDER_SENT", "side": "BUY", "entry": "0.45978", "sl": "0.45918", "tp": "0.46098"}
2025-12-16 18:31:00,582 {"timestamp": "2025-12-16T23:31:00.582053+00:00", "instrument": "NZD_CHF", "event": "SETUP", "side": "BUY", "level": "0.4600292857142857142857142857", "vwap": "0.4601587714285714285714285714"}
2025-12-16 18:31:01,662 {"timestamp": "2025-12-16T23:31:01.662782+00:00", "instrument": "NZD_CHF", "event": "ORDER_SENT", "side": "BUY", "entry": "0.45985", "sl": "0.45925", "tp": "0.46105"}
2025-12-16 18:32:45,274 {"timestamp": "2025-12-16T23:32:45.274567+00:00", "instrument": "NZD_CHF", "event": "SETUP", "side": "BUY", "level": "0.4600292857142857142857142857", "vwap": "0.4601588952380952380952380952"}
2025-12-16 18:32:46,524 {"timestamp": "2025-12-16T23:32:46.524178+00:00", "instrument": "NZD_CHF", "event": "ORDER_SENT", "side": "BUY", "entry": "0.45992", "sl": "0.45932", "tp": "0.46112"}
2025-12-16 18:34:27,840 {"timestamp": "2025-12-16T23:34:27.840769+00:00", "instrument": "NZD_CHF", "event": "SETUP", "side": "BUY", "level": "0.4600292857142857142857142857", "vwap": "0.4601589714285714285714285714"}
2025-12-16 18:34:28,875 {"timestamp": "2025-12-16T23:34:28.875112+00:00", "instrument": "NZD_CHF", "event": "ORDER_SENT", "side": "BUY", "entry": "0.45996", "sl": "0.45936", "tp": "0.46116"}
2025-12-16 21:08:06,108 {"timestamp": "2025-12-17T02:08:06.108624+00:00", "instrument": "NZD_CHF", "event": "SETUP", "side": "SELL", "level": "0.459986250000000000000000000", "vwap": "0.4600552476190476190476190476"}
2025-12-16 21:08:07,318 {"timestamp": "2025-12-17T02:08:07.318684+00:00", "instrument": "NZD_CHF", "event": "ORDER_SENT", "side": "SELL", "entry": "0.46006", "sl": "0.46066", "tp": "0.45886"}
2025-12-16 21:26:14,881 {"timestamp": "2025-12-17T02:26:14.881352+00:00", "instrument": "NZD_CHF", "event": "SETUP", "side": "BUY", "units": 271, "vwap": "0.4600451333333333333333333333", "level": "0.4602468421052631578947368421"}
2025-12-16 21:26:15,844 {"timestamp": "2025-12-17T02:26:15.844250+00:00", "instrument": "NZD_CHF", "event": "ORDER_SENT", "side": "BUY", "units": 271, "entry": "0.45999", "sl": "0.45939", "tp": "0.46119"}
2025-12-17 01:23:57,520 {"timestamp": "2025-12-17T06:23:57.518977+00:00", "instrument": "NZD_CHF", "event": "ERROR", "message": "HTTPSConnectionPool(host='api-fxtrade.oanda.com', port=443): Max retries exceeded with url: /v3/accounts/001-001-9785546-001/summary (Caused by NameResolutionError(\"<urllib3.connection.HTTPSConnection object at 0x0000000004CB7ED0>: Failed to resolve 'api-fxtrade.oanda.com' ([Errno 11001] getaddrinfo failed)\"))"}
2025-12-17 01:43:11,768 {"timestamp": "2025-12-17T06:43:11.767560+00:00", "instrument": "NZD_CHF", "event": "SETUP", "side": "BUY", "units": 217, "vwap": "0.4623432787878787878787878788", "level": "0.460509375000000000000000000", "session": "TOKYO"}
2025-12-17 01:43:12,139 {"timestamp": "2025-12-17T06:43:12.139219+00:00", "instrument": "NZD_CHF", "event": "ORDER_SENT", "side": "BUY", "units": 217, "entry": "0.46014", "sl": "0.45954", "tp": "0.46134", "session": "TOKYO"}
2025-12-17 08:31:17,872 {"timestamp": "2025-12-17T13:31:17.872564+00:00", "instrument": "NZD_CHF", "event": "SETUP", "side": "BUY", "units": 380, "vwap": "0.4620397818181818181818181818", "level": "0.4597933333333333333333333333", "session": "LONDON"}
2025-12-17 08:31:18,236 {"timestamp": "2025-12-17T13:31:18.236180+00:00", "instrument": "NZD_CHF", "event": "ORDER_SENT", "side": "BUY", "units": 380, "entry": "0.45954", "sl": "0.45894", "tp": "0.46074", "session": "LONDON"}
2025-12-17 09:05:56,117 {"timestamp": "2025-12-17T14:05:56.116488+00:00", "instrument": "NZD_CHF", "event": "SETUP", "side": "BUY", "units": 380, "vwap": "0.4618918044444444444444444444", "level": "0.4599411764705882352941176469", "session": "LONDON"}
2025-12-17 09:05:57,166 {"timestamp": "2025-12-17T14:05:57.166326+00:00", "instrument": "NZD_CHF", "event": "ORDER_SENT", "side": "BUY", "units": 380, "entry": "0.45976", "sl": "0.45916", "tp": "0.46096", "session": "LONDON"}
