2025-12-16 18:11:57,705 {"timestamp": "2025-12-16T23:11:57.704705+00:00", "instrument": "NZD_USD", "event": "SETUP", "side": "BUY", "level": "0.5783745833333333333333333333", "vwap": "0.5783607523809523809523809524"}
2025-12-16 18:11:58,090 {"timestamp": "2025-12-16T23:11:58.090164+00:00", "instrument": "NZD_USD", "event": "ORDER_SENT", "side": "BUY", "entry": "0.57824", "sl": "0.57764", "tp": "0.57944"}
2025-12-16 18:13:12,670 {"timestamp": "2025-12-16T23:13:12.670017+00:00", "instrument": "NZD_USD", "event": "SETUP", "side": "BUY", "level": "0.5783745833333333333333333333", "vwap": "0.5783607428571428571428571429"}
2025-12-16 18:13:13,029 {"timestamp": "2025-12-16T23:13:13.028935+00:00", "instrument": "NZD_USD", "event": "ORDER_SENT", "side": "BUY", "entry": "0.57824", "sl": "0.57764", "tp": "0.57944"}
2025-12-16 18:14:27,908 {"timestamp": "2025-12-16T23:14:27.908404+00:00", "instrument": "NZD_USD", "event": "SETUP", "side": "BUY", "level": "0.5783745833333333333333333333", "vwap": "0.5783607428571428571428571429"}
2025-12-16 18:14:28,272 {"timestamp": "2025-12-16T23:14:28.272108+00:00", "instrument": "NZD_USD", "event": "ORDER_SENT", "side": "BUY", "entry": "0.57824", "sl": "0.57764", "tp": "0.57944"}
2025-12-16 18:15:44,144 {"timestamp": "2025-12-16T23:15:44.144497+00:00", "instrument": "NZD_USD", "event": "SETUP", "side": "BUY", "level": "0.5783745833333333333333333333", "vwap": "0.5783587714285714285714285714"}
2025-12-16 18:15:44,516 {"timestamp": "2025-12-16T23:15:44.516795+00:00", "instrument": "NZD_USD", "event": "ORDER_SENT", "side": "BUY", "entry": "0.57826", "sl": "0.57766", "tp": "0.57946"}
2025-12-16 18:17:00,504 {"timestamp": "2025-12-16T23:17:00.504829+00:00", "instrument": "NZD_USD", "event": "SETUP", "side": "BUY", "level": "0.5783745833333333333333333333", "vwap": "0.5783587714285714285714285714"}
2025-12-16 18:17:00,881 {"timestamp": "2025-12-16T23:17:00.881511+00:00", "instrument": "NZD_USD", "event": "ORDER_SENT", "side": "BUY", "entry": "0.57826", "sl": "0.57766", "tp": "0.57946"}
2025-12-16 18:18:15,711 {"timestamp": "2025-12-16T23:18:15.711534+00:00", "instrument": "NZD_USD", "event": "SETUP", "side": "BUY", "level": "0.5783745833333333333333333333", "vwap": "0.5783588285714285714285714286"}
2025-12-16 18:18:16,087 {"timestamp": "2025-12-16T23:18:16.086924+00:00", "instrument": "NZD_USD", "event": "ORDER_SENT", "side": "BUY", "entry": "0.57829", "sl": "0.57769", "tp": "0.57949"}
2025-12-16 18:19:37,581 {"timestamp": "2025-12-16T23:19:37.581027+00:00", "instrument": "NZD_USD", "event": "SETUP", "side": "BUY", "level": "0.5783745833333333333333333333", "vwap": "0.5783588285714285714285714286"}
2025-12-16 18:19:38,578 {"timestamp": "2025-12-16T23:19:38.578505+00:00", "instrument": "NZD_USD", "event": "ORDER_SENT", "side": "BUY", "entry": "0.57829", "sl": "0.57769", "tp": "0.57949"}
2025-12-16 18:21:00,860 {"timestamp": "2025-12-16T23:21:00.860044+00:00", "instrument": "NZD_USD", "event": "SETUP", "side": "BUY", "level": "0.57854560000000000000000000", "vwap": "0.5783570380952380952380952381"}
2025-12-16 18:21:01,354 {"timestamp": "2025-12-16T23:21:01.354927+00:00", "instrument": "NZD_USD", "event": "ORDER_SENT", "side": "BUY", "entry": "0.57822", "sl": "0.57762", "tp": "0.57942"}
2025-12-16 18:22:18,008 {"timestamp": "2025-12-16T23:22:18.008101+00:00", "instrument": "NZD_USD", "event": "SETUP", "side": "BUY", "level": "0.57854560000000000000000000", "vwap": "0.5783569047619047619047619048"}
2025-12-16 18:22:18,393 {"timestamp": "2025-12-16T23:22:18.393550+00:00", "instrument": "NZD_USD", "event": "ORDER_SENT", "side": "BUY", "entry": "0.57815", "sl": "0.57755", "tp": "0.57935"}
2025-12-16 18:23:34,248 {"timestamp": "2025-12-16T23:23:34.247985+00:00", "instrument": "NZD_USD", "event": "SETUP", "side": "BUY", "level": "0.57854560000000000000000000", "vwap": "0.5783568952380952380952380952"}
2025-12-16 18:23:34,608 {"timestamp": "2025-12-16T23:23:34.608226+00:00", "instrument": "NZD_USD", "event": "ORDER_SENT", "side": "BUY", "entry": "0.57814", "sl": "0.57754", "tp": "0.57934"}
2025-12-16 18:24:50,349 {"timestamp": "2025-12-16T23:24:50.349841+00:00", "instrument": "NZD_USD", "event": "SETUP", "side": "BUY", "level": "0.57854560000000000000000000", "vwap": "0.5783569333333333333333333333"}
2025-12-16 18:24:50,722 {"timestamp": "2025-12-16T23:24:50.722613+00:00", "instrument": "NZD_USD", "event": "ORDER_SENT", "side": "BUY", "entry": "0.57818", "sl": "0.57758", "tp": "0.57938"}
2025-12-16 18:26:13,513 {"timestamp": "2025-12-16T23:26:13.513135+00:00", "instrument": "NZD_USD", "event": "SETUP", "side": "BUY", "level": "0.57854560000000000000000000", "vwap": "0.5783556380952380952380952381"}
2025-12-16 18:26:14,525 {"timestamp": "2025-12-16T23:26:14.525316+00:00", "instrument": "NZD_USD", "event": "ORDER_SENT", "side": "BUY", "entry": "0.57818", "sl": "0.57758", "tp": "0.57938"}
2025-12-16 18:27:52,425 {"timestamp": "2025-12-16T23:27:52.425177+00:00", "instrument": "NZD_USD", "event": "SETUP", "side": "BUY", "level": "0.57854560000000000000000000", "vwap": "0.5783557333333333333333333333"}
2025-12-16 18:27:52,819 {"timestamp": "2025-12-16T23:27:52.818910+00:00", "instrument": "NZD_USD", "event": "ORDER_SENT", "side": "BUY", "entry": "0.57822", "sl": "0.57762", "tp": "0.57942"}
2025-12-16 18:29:09,551 {"timestamp": "2025-12-16T23:29:09.551871+00:00", "instrument": "NZD_USD", "event": "SETUP", "side": "BUY", "level": "0.57854560000000000000000000", "vwap": "0.5783556190476190476190476190"}
2025-12-16 18:29:09,915 {"timestamp": "2025-12-16T23:29:09.915155+00:00", "instrument": "NZD_USD", "event": "ORDER_SENT", "side": "BUY", "entry": "0.57814", "sl": "0.57754", "tp": "0.57934"}
2025-12-16 18:30:32,251 {"timestamp": "2025-12-16T23:30:32.251330+00:00", "instrument": "NZD_USD", "event": "SETUP", "side": "BUY", "level": "0.57854560000000000000000000", "vwap": "0.5783549904761904761904761905"}
2025-12-16 18:30:33,214 {"timestamp": "2025-12-16T23:30:33.214695+00:00", "instrument": "NZD_USD", "event": "ORDER_SENT", "side": "BUY", "entry": "0.57825", "sl": "0.57765", "tp": "0.57945"}
2025-12-16 18:32:16,339 {"timestamp": "2025-12-16T23:32:16.338989+00:00", "instrument": "NZD_USD", "event": "SETUP", "side": "BUY", "level": "0.57854560000000000000000000", "vwap": "0.5783550666666666666666666667"}
2025-12-16 18:32:17,302 {"timestamp": "2025-12-16T23:32:17.302556+00:00", "instrument": "NZD_USD", "event": "ORDER_SENT", "side": "BUY", "entry": "0.57829", "sl": "0.57769", "tp": "0.57949"}
2025-12-16 18:35:44,357 {"timestamp": "2025-12-16T23:35:44.357221+00:00", "instrument": "NZD_USD", "event": "SETUP", "side": "SELL", "level": "0.57854560000000000000000000", "vwap": "0.5783560095238095238095238095"}
2025-12-16 18:35:45,335 {"timestamp": "2025-12-16T23:35:45.334819+00:00", "instrument": "NZD_USD", "event": "ORDER_SENT", "side": "SELL", "entry": "0.57856", "sl": "0.57916", "tp": "0.57736"}
2025-12-16 18:37:31,436 {"timestamp": "2025-12-16T23:37:31.435929+00:00", "instrument": "NZD_USD", "event": "SETUP", "side": "SELL", "level": "0.57854560000000000000000000", "vwap": "0.5783561142857142857142857143"}
2025-12-16 18:37:32,427 {"timestamp": "2025-12-16T23:37:32.427266+00:00", "instrument": "NZD_USD", "event": "ORDER_SENT", "side": "SELL", "entry": "0.57861", "sl": "0.57921", "tp": "0.57741"}
2025-12-16 21:07:38,240 {"timestamp": "2025-12-17T02:07:38.240324+00:00", "instrument": "NZD_USD", "event": "SETUP", "side": "SELL", "level": "0.5778591666666666666666666667", "vwap": "0.5783208857142857142857142857"}
2025-12-16 21:07:39,488 {"timestamp": "2025-12-17T02:07:39.488646+00:00", "instrument": "NZD_USD", "event": "ORDER_SENT", "side": "SELL", "entry": "0.57834", "sl": "0.57894", "tp": "0.57714"}
2025-12-16 21:09:24,141 {"timestamp": "2025-12-17T02:09:24.141546+00:00", "instrument": "NZD_USD", "event": "SETUP", "side": "BUY", "level": "0.57859050000000000000000000", "vwap": "0.5783207142857142857142857143"}
2025-12-16 21:09:25,081 {"timestamp": "2025-12-17T02:09:25.081688+00:00", "instrument": "NZD_USD", "event": "ORDER_SENT", "side": "BUY", "entry": "0.57830", "sl": "0.57770", "tp": "0.57950"}
2025-12-16 21:11:10,732 {"timestamp": "2025-12-17T02:11:10.732163+00:00", "instrument": "NZD_USD", "event": "SETUP", "side": "BUY", "level": "0.5786047619047619047619047619", "vwap": "0.5783200571428571428571428571"}
2025-12-16 21:11:11,679 {"timestamp": "2025-12-17T02:11:11.679306+00:00", "instrument": "NZD_USD", "event": "ORDER_SENT", "side": "BUY", "entry": "0.57820", "sl": "0.57760", "tp": "0.57940"}
2025-12-16 21:25:34,245 {"timestamp": "2025-12-17T02:25:34.244681+00:00", "instrument": "NZD_USD", "event": "SETUP", "side": "BUY", "units": 216, "vwap": "0.5783131904761904761904761905", "level": "0.577951875000000000000000000"}
2025-12-16 21:25:35,427 {"timestamp": "2025-12-17T02:25:35.427486+00:00", "instrument": "NZD_USD", "event": "ORDER_SENT", "side": "BUY", "units": 216, "entry": "0.57794", "sl": "0.57734", "tp": "0.57914"}
2025-12-17 01:23:57,459 {"timestamp": "2025-12-17T06:23:57.458995+00:00", "instrument": "NZD_USD", "event": "ERROR", "message": "HTTPSConnectionPool(host='api-fxtrade.oanda.com', port=443): Max retries exceeded with url: /v3/accounts/001-001-9785546-001/summary (Caused by NameResolutionError(\"<urllib3.connection.HTTPSConnection object at 0x0000000004CB7ED0>: Failed to resolve 'api-fxtrade.oanda.com' ([Errno 11001] getaddrinfo failed)\"))"}
2025-12-17 01:42:55,138 {"timestamp": "2025-12-17T06:42:55.137780+00:00", "instrument": "NZD_USD", "event": "SETUP", "side": "BUY", "units": 172, "vwap": "0.5793129636363636363636363636", "level": "0.5776406249999999999999999999", "session": "TOKYO"}
2025-12-17 01:42:55,574 {"timestamp": "2025-12-17T06:42:55.574265+00:00", "instrument": "NZD_USD", "event": "ORDER_SENT", "side": "BUY", "units": 172, "entry": "0.57745", "sl": "0.57685", "tp": "0.57865", "session": "TOKYO"}
2025-12-17 01:53:35,221 {"timestamp": "2025-12-17T06:53:35.221357+00:00", "instrument": "NZD_USD", "event": "SETUP", "side": "BUY", "units": 172, "vwap": "0.5793108727272727272727272727", "level": "0.5776406249999999999999999999", "session": "TOKYO"}
2025-12-17 01:53:36,192 {"timestamp": "2025-12-17T06:53:36.191910+00:00", "instrument": "NZD_USD", "event": "ORDER_SENT", "side": "BUY", "units": 172, "entry": "0.57744", "sl": "0.57684", "tp": "0.57864", "session": "TOKYO"}
2025-12-17 08:31:02,405 {"timestamp": "2025-12-17T13:31:02.404746+00:00", "instrument": "NZD_USD", "event": "SETUP", "side": "BUY", "units": 302, "vwap": "0.5792662787878787878787878788", "level": "0.577795625000000000000000000", "session": "LONDON"}
2025-12-17 08:31:02,754 {"timestamp": "2025-12-17T13:31:02.754643+00:00", "instrument": "NZD_USD", "event": "ORDER_SENT", "side": "BUY", "units": 302, "entry": "0.57758", "sl": "0.57698", "tp": "0.57878", "session": "LONDON"}
2025-12-17 09:16:12,639 {"timestamp": "2025-12-17T14:16:12.638496+00:00", "instrument": "NZD_USD", "event": "SETUP", "side": "SELL", "units": 302, "vwap": "0.5761974400000000000000000000", "level": "0.5776419047619047619047619048", "session": "LONDON"}
2025-12-17 09:16:13,601 {"timestamp": "2025-12-17T14:16:13.601052+00:00", "instrument": "NZD_USD", "event": "ORDER_SENT", "side": "SELL", "units": 302, "entry": "0.57798", "sl": "0.57858", "tp": "0.57678", "session": "LONDON"}
2025-12-17 09:18:28,430 {"timestamp": "2025-12-17T14:18:28.430822+00:00", "instrument": "NZD_USD", "event": "SETUP", "side": "SELL", "units": 302, "vwap": "0.5761975022222222222222222222", "level": "0.5776419047619047619047619048", "session": "LONDON"}
2025-12-17 09:18:29,567 {"timestamp": "2025-12-17T14:18:29.567821+00:00", "instrument": "NZD_USD", "event": "ORDER_SENT", "side": "SELL", "units": 302, "entry": "0.57812", "sl": "0.57872", "tp": "0.57692", "session": "LONDON"}
2025-12-17 09:28:25,621 {"timestamp": "2025-12-17T14:28:25.621735+00:00", "instrument": "NZD_USD", "event": "SETUP", "side": "SELL", "units": 302, "vwap": "0.5761973377777777777777777778", "level": "0.5776419047619047619047619048", "session": "LONDON"}
2025-12-17 09:28:26,718 {"timestamp": "2025-12-17T14:28:26.718805+00:00", "instrument": "NZD_USD", "event": "ORDER_SENT", "side": "SELL", "units": 302, "entry": "0.57785", "sl": "0.57845", "tp": "0.57665", "session": "LONDON"}
