2025-12-16 18:11:58,865 {"timestamp": "2025-12-16T23:11:58.864714+00:00", "instrument": "USD_CAD", "event": "SETUP", "side": "BUY", "level": "1.375776666666666666666666667", "vwap": "1.376454371428571428571428571"}
2025-12-16 18:11:59,222 {"timestamp": "2025-12-16T23:11:59.222425+00:00", "instrument": "USD_CAD", "event": "ORDER_SENT", "side": "BUY", "entry": "1.37545", "sl": "1.37485", "tp": "1.37665"}
2025-12-16 18:13:13,812 {"timestamp": "2025-12-16T23:13:13.812110+00:00", "instrument": "USD_CAD", "event": "SETUP", "side": "BUY", "level": "1.375776666666666666666666667", "vwap": "1.376454342857142857142857143"}
2025-12-16 18:13:14,222 {"timestamp": "2025-12-16T23:13:14.222451+00:00", "instrument": "USD_CAD", "event": "ORDER_SENT", "side": "BUY", "entry": "1.37542", "sl": "1.37482", "tp": "1.37662"}
2025-12-16 18:14:29,070 {"timestamp": "2025-12-16T23:14:29.070338+00:00", "instrument": "USD_CAD", "event": "SETUP", "side": "BUY", "level": "1.375776666666666666666666667", "vwap": "1.376454352380952380952380952"}
2025-12-16 18:14:29,481 {"timestamp": "2025-12-16T23:14:29.481231+00:00", "instrument": "USD_CAD", "event": "ORDER_SENT", "side": "BUY", "entry": "1.37543", "sl": "1.37483", "tp": "1.37663"}
2025-12-16 18:15:45,284 {"timestamp": "2025-12-16T23:15:45.284446+00:00", "instrument": "USD_CAD", "event": "SETUP", "side": "BUY", "level": "1.375776666666666666666666667", "vwap": "1.3764474"}
2025-12-16 18:15:45,686 {"timestamp": "2025-12-16T23:15:45.686491+00:00", "instrument": "USD_CAD", "event": "ORDER_SENT", "side": "BUY", "entry": "1.37534", "sl": "1.37474", "tp": "1.37654"}
2025-12-16 18:17:01,657 {"timestamp": "2025-12-16T23:17:01.657877+00:00", "instrument": "USD_CAD", "event": "SETUP", "side": "BUY", "level": "1.375776666666666666666666667", "vwap": "1.376447419047619047619047619"}
2025-12-16 18:17:02,028 {"timestamp": "2025-12-16T23:17:02.028373+00:00", "instrument": "USD_CAD", "event": "ORDER_SENT", "side": "BUY", "entry": "1.37536", "sl": "1.37476", "tp": "1.37656"}
2025-12-16 18:18:16,850 {"timestamp": "2025-12-16T23:18:16.849963+00:00", "instrument": "USD_CAD", "event": "SETUP", "side": "BUY", "level": "1.375776666666666666666666667", "vwap": "1.376447419047619047619047619"}
2025-12-16 18:18:17,314 {"timestamp": "2025-12-16T23:18:17.313919+00:00", "instrument": "USD_CAD", "event": "ORDER_SENT", "side": "BUY", "entry": "1.37536", "sl": "1.37476", "tp": "1.37656"}
2025-12-16 18:19:40,769 {"timestamp": "2025-12-16T23:19:40.769638+00:00", "instrument": "USD_CAD", "event": "SETUP", "side": "BUY", "level": "1.375776666666666666666666667", "vwap": "1.376447438095238095238095238"}
2025-12-16 18:19:41,893 {"timestamp": "2025-12-16T23:19:41.893699+00:00", "instrument": "USD_CAD", "event": "ORDER_SENT", "side": "BUY", "entry": "1.37538", "sl": "1.37478", "tp": "1.37658"}
2025-12-16 18:21:02,200 {"timestamp": "2025-12-16T23:21:02.199814+00:00", "instrument": "USD_CAD", "event": "SETUP", "side": "BUY", "level": "1.375776666666666666666666667", "vwap": "1.376440076190476190476190476"}
2025-12-16 18:21:02,571 {"timestamp": "2025-12-16T23:21:02.571832+00:00", "instrument": "USD_CAD", "event": "ORDER_SENT", "side": "BUY", "entry": "1.37538", "sl": "1.37478", "tp": "1.37658"}
2025-12-16 18:22:19,173 {"timestamp": "2025-12-16T23:22:19.173084+00:00", "instrument": "USD_CAD", "event": "SETUP", "side": "BUY", "level": "1.375776666666666666666666667", "vwap": "1.376440076190476190476190476"}
2025-12-16 18:22:19,548 {"timestamp": "2025-12-16T23:22:19.547953+00:00", "instrument": "USD_CAD", "event": "ORDER_SENT", "side": "BUY", "entry": "1.37538", "sl": "1.37478", "tp": "1.37658"}
2025-12-16 18:23:35,376 {"timestamp": "2025-12-16T23:23:35.376891+00:00", "instrument": "USD_CAD", "event": "SETUP", "side": "BUY", "level": "1.375776666666666666666666667", "vwap": "1.376440066666666666666666667"}
2025-12-16 18:23:35,759 {"timestamp": "2025-12-16T23:23:35.759129+00:00", "instrument": "USD_CAD", "event": "ORDER_SENT", "side": "BUY", "entry": "1.37538", "sl": "1.37478", "tp": "1.37658"}
2025-12-16 18:24:51,487 {"timestamp": "2025-12-16T23:24:51.487140+00:00", "instrument": "USD_CAD", "event": "SETUP", "side": "BUY", "level": "1.375776666666666666666666667", "vwap": "1.376440076190476190476190476"}
2025-12-16 18:24:51,848 {"timestamp": "2025-12-16T23:24:51.848275+00:00", "instrument": "USD_CAD", "event": "ORDER_SENT", "side": "BUY", "entry": "1.37538", "sl": "1.37478", "tp": "1.37658"}
2025-12-16 18:26:16,515 {"timestamp": "2025-12-16T23:26:16.515639+00:00", "instrument": "USD_CAD", "event": "SETUP", "side": "BUY", "level": "1.375776666666666666666666667", "vwap": "1.376432304761904761904761905"}
2025-12-16 18:26:17,543 {"timestamp": "2025-12-16T23:26:17.543460+00:00", "instrument": "USD_CAD", "event": "ORDER_SENT", "side": "BUY", "entry": "1.37543", "sl": "1.37483", "tp": "1.37663"}
2025-12-16 18:27:53,637 {"timestamp": "2025-12-16T23:27:53.637328+00:00", "instrument": "USD_CAD", "event": "SETUP", "side": "BUY", "level": "1.375776666666666666666666667", "vwap": "1.376432295238095238095238095"}
2025-12-16 18:27:54,009 {"timestamp": "2025-12-16T23:27:54.009314+00:00", "instrument": "USD_CAD", "event": "ORDER_SENT", "side": "BUY", "entry": "1.37542", "sl": "1.37482", "tp": "1.37662"}
2025-12-16 18:29:10,738 {"timestamp": "2025-12-16T23:29:10.738775+00:00", "instrument": "USD_CAD", "event": "SETUP", "side": "BUY", "level": "1.375776666666666666666666667", "vwap": "1.376432257142857142857142857"}
2025-12-16 18:29:11,087 {"timestamp": "2025-12-16T23:29:11.087620+00:00", "instrument": "USD_CAD", "event": "ORDER_SENT", "side": "BUY", "entry": "1.37538", "sl": "1.37478", "tp": "1.37658"}
2025-12-16 18:30:35,280 {"timestamp": "2025-12-16T23:30:35.280428+00:00", "instrument": "USD_CAD", "event": "SETUP", "side": "BUY", "level": "1.375776666666666666666666667", "vwap": "1.376424114285714285714285714"}
2025-12-16 18:30:36,319 {"timestamp": "2025-12-16T23:30:36.319855+00:00", "instrument": "USD_CAD", "event": "ORDER_SENT", "side": "BUY", "entry": "1.37538", "sl": "1.37478", "tp": "1.37658"}
2025-12-16 18:32:19,208 {"timestamp": "2025-12-16T23:32:19.208576+00:00", "instrument": "USD_CAD", "event": "SETUP", "side": "BUY", "level": "1.375776666666666666666666667", "vwap": "1.376424304761904761904761905"}
2025-12-16 18:32:20,155 {"timestamp": "2025-12-16T23:32:20.155139+00:00", "instrument": "USD_CAD", "event": "ORDER_SENT", "side": "BUY", "entry": "1.37548", "sl": "1.37488", "tp": "1.37668"}
2025-12-16 18:34:03,780 {"timestamp": "2025-12-16T23:34:03.780476+00:00", "instrument": "USD_CAD", "event": "SETUP", "side": "BUY", "level": "1.375776666666666666666666667", "vwap": "1.376424323809523809523809524"}
2025-12-16 18:34:04,743 {"timestamp": "2025-12-16T23:34:04.743210+00:00", "instrument": "USD_CAD", "event": "ORDER_SENT", "side": "BUY", "entry": "1.37548", "sl": "1.37488", "tp": "1.37668"}
2025-12-16 18:35:47,427 {"timestamp": "2025-12-16T23:35:47.427615+00:00", "instrument": "USD_CAD", "event": "SETUP", "side": "BUY", "level": "1.375776666666666666666666667", "vwap": "1.376415714285714285714285714"}
2025-12-16 18:35:48,399 {"timestamp": "2025-12-16T23:35:48.399805+00:00", "instrument": "USD_CAD", "event": "ORDER_SENT", "side": "BUY", "entry": "1.37536", "sl": "1.37476", "tp": "1.37656"}
2025-12-16 18:37:34,465 {"timestamp": "2025-12-16T23:37:34.464896+00:00", "instrument": "USD_CAD", "event": "SETUP", "side": "BUY", "level": "1.375776666666666666666666667", "vwap": "1.376415742857142857142857143"}
2025-12-16 18:37:35,455 {"timestamp": "2025-12-16T23:37:35.455272+00:00", "instrument": "USD_CAD", "event": "ORDER_SENT", "side": "BUY", "entry": "1.37538", "sl": "1.37478", "tp": "1.37658"}
2025-12-16 21:07:41,853 {"timestamp": "2025-12-17T02:07:41.852947+00:00", "instrument": "USD_CAD", "event": "SETUP", "side": "SELL", "level": "1.376098333333333333333333333", "vwap": "1.376270990476190476190476190"}
2025-12-16 21:07:42,964 {"timestamp": "2025-12-17T02:07:42.963976+00:00", "instrument": "USD_CAD", "event": "ORDER_SENT", "side": "SELL", "entry": "1.37639", "sl": "1.37699", "tp": "1.37519"}
2025-12-16 21:09:27,030 {"timestamp": "2025-12-17T02:09:27.030425+00:00", "instrument": "USD_CAD", "event": "SETUP", "side": "SELL", "level": "1.376098333333333333333333333", "vwap": "1.376271219047619047619047619"}
2025-12-16 21:09:28,035 {"timestamp": "2025-12-17T02:09:28.035099+00:00", "instrument": "USD_CAD", "event": "ORDER_SENT", "side": "SELL", "entry": "1.37649", "sl": "1.37709", "tp": "1.37529"}
2025-12-16 21:11:13,763 {"timestamp": "2025-12-17T02:11:13.762997+00:00", "instrument": "USD_CAD", "event": "SETUP", "side": "SELL", "level": "1.376098333333333333333333333", "vwap": "1.376269380952380952380952381"}
2025-12-16 21:11:14,705 {"timestamp": "2025-12-17T02:11:14.705651+00:00", "instrument": "USD_CAD", "event": "ORDER_SENT", "side": "SELL", "entry": "1.37651", "sl": "1.37711", "tp": "1.37531"}
2025-12-17 01:23:57,459 {"timestamp": "2025-12-17T06:23:57.459241+00:00", "instrument": "USD_CAD", "event": "ERROR", "message": "HTTPSConnectionPool(host='api-fxtrade.oanda.com', port=443): Max retries exceeded with url: /v3/accounts/001-001-9785546-001/summary (Caused by NameResolutionError(\"<urllib3.connection.HTTPSConnection object at 0x0000000004CB7ED0>: Failed to resolve 'api-fxtrade.oanda.com' ([Errno 11001] getaddrinfo failed)\"))"}
2025-12-17 01:42:57,335 {"timestamp": "2025-12-17T06:42:57.335027+00:00", "instrument": "USD_CAD", "event": "SETUP", "side": "BUY", "units": 72, "vwap": "1.378958927272727272727272727", "level": "1.377931428571428571428571429", "session": "TOKYO"}
2025-12-17 01:42:57,697 {"timestamp": "2025-12-17T06:42:57.697822+00:00", "instrument": "USD_CAD", "event": "ORDER_SENT", "side": "BUY", "units": 72, "entry": "1.37770", "sl": "1.37710", "tp": "1.37890", "session": "TOKYO"}
2025-12-17 01:53:40,770 {"timestamp": "2025-12-17T06:53:40.770691+00:00", "instrument": "USD_CAD", "event": "SETUP", "side": "BUY", "units": 72, "vwap": "1.378946939393939393939393939", "level": "1.377931428571428571428571429", "session": "TOKYO"}
2025-12-17 01:53:41,771 {"timestamp": "2025-12-17T06:53:41.771277+00:00", "instrument": "USD_CAD", "event": "ORDER_SENT", "side": "BUY", "units": 72, "entry": "1.37774", "sl": "1.37714", "tp": "1.37894", "session": "TOKYO"}
2025-12-17 09:28:31,146 {"timestamp": "2025-12-17T14:28:31.143334+00:00", "instrument": "USD_CAD", "event": "SETUP", "side": "BUY", "units": 126, "vwap": "1.389641128888888888888888889", "level": "1.378165555555555555555555556", "session": "LONDON"}
2025-12-17 09:28:32,169 {"timestamp": "2025-12-17T14:28:32.169421+00:00", "instrument": "USD_CAD", "event": "ORDER_SENT", "side": "BUY", "units": 126, "entry": "1.37789", "sl": "1.37729", "tp": "1.37909", "session": "LONDON"}
