2025-12-16 18:11:54,420 {"timestamp": "2025-12-16T23:11:54.419733+00:00", "instrument": "USD_JPY", "event": "SETUP", "side": "BUY", "level": "154.7723333333333333333333333", "vwap": "154.8890485714285714285714286"}
2025-12-16 18:11:54,810 {"timestamp": "2025-12-16T23:11:54.810464+00:00", "instrument": "USD_JPY", "event": "ORDER_SENT", "side": "BUY", "entry": "154.761", "sl": "154.701", "tp": "154.881"}
2025-12-16 18:13:10,670 {"timestamp": "2025-12-16T23:13:10.670064+00:00", "instrument": "USD_JPY", "event": "SETUP", "side": "BUY", "level": "154.7723333333333333333333333", "vwap": "154.8890447619047619047619048"}
2025-12-16 18:13:11,038 {"timestamp": "2025-12-16T23:13:11.038791+00:00", "instrument": "USD_JPY", "event": "ORDER_SENT", "side": "BUY", "entry": "154.757", "sl": "154.697", "tp": "154.877"}
2025-12-16 18:14:25,957 {"timestamp": "2025-12-16T23:14:25.957070+00:00", "instrument": "USD_JPY", "event": "SETUP", "side": "BUY", "level": "154.7723333333333333333333333", "vwap": "154.8890466666666666666666667"}
2025-12-16 18:14:26,359 {"timestamp": "2025-12-16T23:14:26.359052+00:00", "instrument": "USD_JPY", "event": "ORDER_SENT", "side": "BUY", "entry": "154.759", "sl": "154.699", "tp": "154.879"}
2025-12-16 18:15:42,206 {"timestamp": "2025-12-16T23:15:42.206196+00:00", "instrument": "USD_JPY", "event": "SETUP", "side": "BUY", "level": "154.7723333333333333333333333", "vwap": "154.8875152380952380952380952"}
2025-12-16 18:15:42,599 {"timestamp": "2025-12-16T23:15:42.599746+00:00", "instrument": "USD_JPY", "event": "ORDER_SENT", "side": "BUY", "entry": "154.758", "sl": "154.698", "tp": "154.878"}
2025-12-16 18:16:58,638 {"timestamp": "2025-12-16T23:16:58.638748+00:00", "instrument": "USD_JPY", "event": "SETUP", "side": "BUY", "level": "154.7723333333333333333333333", "vwap": "154.8874885714285714285714286"}
2025-12-16 18:16:59,024 {"timestamp": "2025-12-16T23:16:59.023893+00:00", "instrument": "USD_JPY", "event": "ORDER_SENT", "side": "BUY", "entry": "154.744", "sl": "154.684", "tp": "154.864"}
2025-12-16 18:18:13,864 {"timestamp": "2025-12-16T23:18:13.864887+00:00", "instrument": "USD_JPY", "event": "SETUP", "side": "BUY", "level": "154.7723333333333333333333333", "vwap": "154.8874733333333333333333333"}
2025-12-16 18:18:14,221 {"timestamp": "2025-12-16T23:18:14.221004+00:00", "instrument": "USD_JPY", "event": "ORDER_SENT", "side": "BUY", "entry": "154.738", "sl": "154.678", "tp": "154.858"}
2025-12-16 18:19:32,472 {"timestamp": "2025-12-16T23:19:32.472671+00:00", "instrument": "USD_JPY", "event": "SETUP", "side": "BUY", "level": "154.7723333333333333333333333", "vwap": "154.8874809523809523809523810"}
2025-12-16 18:19:33,440 {"timestamp": "2025-12-16T23:19:33.439982+00:00", "instrument": "USD_JPY", "event": "ORDER_SENT", "side": "BUY", "entry": "154.746", "sl": "154.686", "tp": "154.866"}
2025-12-16 18:20:58,666 {"timestamp": "2025-12-16T23:20:58.666734+00:00", "instrument": "USD_JPY", "event": "SETUP", "side": "BUY", "level": "154.7723333333333333333333333", "vwap": "154.8858542857142857142857143"}
2025-12-16 18:20:59,054 {"timestamp": "2025-12-16T23:20:59.054555+00:00", "instrument": "USD_JPY", "event": "ORDER_SENT", "side": "BUY", "entry": "154.734", "sl": "154.674", "tp": "154.854"}
2025-12-16 18:22:16,119 {"timestamp": "2025-12-16T23:22:16.118936+00:00", "instrument": "USD_JPY", "event": "SETUP", "side": "BUY", "level": "154.7723333333333333333333333", "vwap": "154.8858657142857142857142857"}
2025-12-16 18:22:16,485 {"timestamp": "2025-12-16T23:22:16.485551+00:00", "instrument": "USD_JPY", "event": "ORDER_SENT", "side": "BUY", "entry": "154.744", "sl": "154.684", "tp": "154.864"}
2025-12-16 18:23:32,262 {"timestamp": "2025-12-16T23:23:32.262653+00:00", "instrument": "USD_JPY", "event": "SETUP", "side": "BUY", "level": "154.7723333333333333333333333", "vwap": "154.8858961904761904761904762"}
2025-12-16 18:23:32,631 {"timestamp": "2025-12-16T23:23:32.631167+00:00", "instrument": "USD_JPY", "event": "ORDER_SENT", "side": "BUY", "entry": "154.760", "sl": "154.700", "tp": "154.880"}
2025-12-16 18:24:48,427 {"timestamp": "2025-12-16T23:24:48.427152+00:00", "instrument": "USD_JPY", "event": "SETUP", "side": "BUY", "level": "154.7723333333333333333333333", "vwap": "154.8859009523809523809523810"}
2025-12-16 18:24:48,834 {"timestamp": "2025-12-16T23:24:48.834368+00:00", "instrument": "USD_JPY", "event": "ORDER_SENT", "side": "BUY", "entry": "154.763", "sl": "154.703", "tp": "154.883"}
2025-12-16 18:26:08,486 {"timestamp": "2025-12-16T23:26:08.485994+00:00", "instrument": "USD_JPY", "event": "SETUP", "side": "BUY", "level": "154.7723333333333333333333333", "vwap": "154.8843266666666666666666667"}
2025-12-16 18:26:09,453 {"timestamp": "2025-12-16T23:26:09.453174+00:00", "instrument": "USD_JPY", "event": "ORDER_SENT", "side": "BUY", "entry": "154.768", "sl": "154.708", "tp": "154.888"}
2025-12-16 18:27:50,447 {"timestamp": "2025-12-16T23:27:50.447761+00:00", "instrument": "USD_JPY", "event": "SETUP", "side": "BUY", "level": "154.7723333333333333333333333", "vwap": "154.8843219047619047619047619"}
2025-12-16 18:27:50,835 {"timestamp": "2025-12-16T23:27:50.835098+00:00", "instrument": "USD_JPY", "event": "ORDER_SENT", "side": "BUY", "entry": "154.767", "sl": "154.707", "tp": "154.887"}
2025-12-16 18:29:07,616 {"timestamp": "2025-12-16T23:29:07.616602+00:00", "instrument": "USD_JPY", "event": "SETUP", "side": "BUY", "level": "154.7723333333333333333333333", "vwap": "154.8843228571428571428571429"}
2025-12-16 18:29:08,011 {"timestamp": "2025-12-16T23:29:08.011854+00:00", "instrument": "USD_JPY", "event": "ORDER_SENT", "side": "BUY", "entry": "154.768", "sl": "154.708", "tp": "154.888"}
2025-12-16 18:30:27,153 {"timestamp": "2025-12-16T23:30:27.153480+00:00", "instrument": "USD_JPY", "event": "SETUP", "side": "BUY", "level": "154.7723333333333333333333333", "vwap": "154.8826923809523809523809524"}
2025-12-16 18:30:28,116 {"timestamp": "2025-12-16T23:30:28.116508+00:00", "instrument": "USD_JPY", "event": "ORDER_SENT", "side": "BUY", "entry": "154.770", "sl": "154.710", "tp": "154.890"}
2025-12-16 18:32:11,429 {"timestamp": "2025-12-16T23:32:11.429125+00:00", "instrument": "USD_JPY", "event": "SETUP", "side": "BUY", "level": "154.7723333333333333333333333", "vwap": "154.8826752380952380952380952"}
2025-12-16 18:32:12,380 {"timestamp": "2025-12-16T23:32:12.379948+00:00", "instrument": "USD_JPY", "event": "ORDER_SENT", "side": "BUY", "entry": "154.766", "sl": "154.706", "tp": "154.886"}
2025-12-16 18:33:55,896 {"timestamp": "2025-12-16T23:33:55.896147+00:00", "instrument": "USD_JPY", "event": "SETUP", "side": "BUY", "level": "154.7723333333333333333333333", "vwap": "154.8826561904761904761904762"}
2025-12-16 18:33:56,839 {"timestamp": "2025-12-16T23:33:56.839291+00:00", "instrument": "USD_JPY", "event": "ORDER_SENT", "side": "BUY", "entry": "154.750", "sl": "154.690", "tp": "154.870"}
2025-12-16 18:35:38,245 {"timestamp": "2025-12-16T23:35:38.245622+00:00", "instrument": "USD_JPY", "event": "SETUP", "side": "BUY", "level": "154.7723333333333333333333333", "vwap": "154.8809114285714285714285714"}
2025-12-16 18:35:39,216 {"timestamp": "2025-12-16T23:35:39.216888+00:00", "instrument": "USD_JPY", "event": "ORDER_SENT", "side": "BUY", "entry": "154.746", "sl": "154.686", "tp": "154.866"}
2025-12-16 18:37:25,232 {"timestamp": "2025-12-16T23:37:25.231980+00:00", "instrument": "USD_JPY", "event": "SETUP", "side": "BUY", "level": "154.7723333333333333333333333", "vwap": "154.8809000000000000000000000"}
2025-12-16 18:37:26,206 {"timestamp": "2025-12-16T23:37:26.206140+00:00", "instrument": "USD_JPY", "event": "ORDER_SENT", "side": "BUY", "entry": "154.746", "sl": "154.686", "tp": "154.866"}
2025-12-16 21:07:31,493 {"timestamp": "2025-12-17T02:07:31.492134+00:00", "instrument": "USD_JPY", "event": "SETUP", "side": "BUY", "level": "154.8288181818181818181818182", "vwap": "154.8291361904761904761904762"}
2025-12-16 21:07:32,777 {"timestamp": "2025-12-17T02:07:32.777796+00:00", "instrument": "USD_JPY", "event": "ORDER_SENT", "side": "BUY", "entry": "154.793", "sl": "154.733", "tp": "154.913"}
2025-12-16 21:09:18,093 {"timestamp": "2025-12-17T02:09:18.093744+00:00", "instrument": "USD_JPY", "event": "SETUP", "side": "SELL", "level": "154.8288181818181818181818182", "vwap": "154.8291847619047619047619048"}
2025-12-16 21:09:19,063 {"timestamp": "2025-12-17T02:09:19.063758+00:00", "instrument": "USD_JPY", "event": "ORDER_SENT", "side": "SELL", "entry": "154.832", "sl": "154.892", "tp": "154.712"}
2025-12-16 21:11:04,704 {"timestamp": "2025-12-17T02:11:04.703978+00:00", "instrument": "USD_JPY", "event": "SETUP", "side": "BUY", "level": "154.8288181818181818181818182", "vwap": "154.8278819047619047619047619"}
2025-12-16 21:11:05,705 {"timestamp": "2025-12-17T02:11:05.705259+00:00", "instrument": "USD_JPY", "event": "ORDER_SENT", "side": "BUY", "entry": "154.814", "sl": "154.754", "tp": "154.934"}
2025-12-16 21:25:25,183 {"timestamp": "2025-12-17T02:25:25.182281+00:00", "instrument": "USD_JPY", "event": "MARGIN_BLOCK", "max_margin_usd": 2.5}
2025-12-17 01:23:57,456 {"timestamp": "2025-12-17T06:23:57.438155+00:00", "instrument": "USD_JPY", "event": "ERROR", "message": "HTTPSConnectionPool(host='api-fxtrade.oanda.com', port=443): Max retries exceeded with url: /v3/accounts/001-001-9785546-001/summary (Caused by NameResolutionError(\"<urllib3.connection.HTTPSConnection object at 0x0000000004CB7ED0>: Failed to resolve 'api-fxtrade.oanda.com' ([Errno 11001] getaddrinfo failed)\"))"}
2025-12-17 01:42:49,572 {"timestamp": "2025-12-17T06:42:49.569413+00:00", "instrument": "USD_JPY", "event": "MARGIN_BLOCK", "session": "TOKYO", "session_cap_usd": 2.0}
2025-12-17 01:53:21,071 {"timestamp": "2025-12-17T06:53:21.071591+00:00", "instrument": "USD_JPY", "event": "MARGIN_BLOCK", "session": "TOKYO", "session_cap_usd": 2.0}
2025-12-17 08:30:57,021 {"timestamp": "2025-12-17T13:30:57.021529+00:00", "instrument": "USD_JPY", "event": "SETUP", "side": "BUY", "units": 1, "vwap": "155.5908763636363636363636364", "level": "155.5793333333333333333333333", "session": "LONDON"}
2025-12-17 08:30:57,379 {"timestamp": "2025-12-17T13:30:57.379109+00:00", "instrument": "USD_JPY", "event": "ORDER_SENT", "side": "BUY", "units": 1, "entry": "155.544", "sl": "155.484", "tp": "155.664", "session": "LONDON"}
2025-12-17 09:04:54,643 {"timestamp": "2025-12-17T14:04:54.641970+00:00", "instrument": "USD_JPY", "event": "SETUP", "side": "BUY", "units": 1, "vwap": "155.6786048888888888888888889", "level": "155.4083333333333333333333333", "session": "LONDON"}
2025-12-17 09:04:55,788 {"timestamp": "2025-12-17T14:04:55.788257+00:00", "instrument": "USD_JPY", "event": "ORDER_SENT", "side": "BUY", "units": 1, "entry": "155.376", "sl": "155.316", "tp": "155.496", "session": "LONDON"}
2025-12-17 09:15:56,901 {"timestamp": "2025-12-17T14:15:56.900918+00:00", "instrument": "USD_JPY", "event": "SETUP", "side": "BUY", "units": 1, "vwap": "155.6787017777777777777777778", "level": "155.5218571428571428571428571", "session": "LONDON"}
2025-12-17 09:15:57,833 {"timestamp": "2025-12-17T14:15:57.833318+00:00", "instrument": "USD_JPY", "event": "ORDER_SENT", "side": "BUY", "units": 1, "entry": "155.510", "sl": "155.450", "tp": "155.630", "session": "LONDON"}
2025-12-17 09:39:08,992 {"timestamp": "2025-12-17T14:39:08.992148+00:00", "instrument": "USD_JPY", "event": "SETUP", "side": "BUY", "units": 1, "vwap": "155.6779964444444444444444444", "level": "155.6053333333333333333333333", "session": "LONDON"}
2025-12-17 09:39:09,968 {"timestamp": "2025-12-17T14:39:09.968845+00:00", "instrument": "USD_JPY", "event": "ORDER_SENT", "side": "BUY", "units": 1, "entry": "155.560", "sl": "155.500", "tp": "155.680", "session": "LONDON"}
2025-12-17 09:58:20,730 {"timestamp": "2025-12-17T14:58:20.730261+00:00", "instrument": "USD_JPY", "event": "SETUP", "side": "BUY", "units": 1, "vwap": "155.6779128888888888888888889", "level": "155.5218571428571428571428571", "session": "LONDON"}
2025-12-17 09:58:21,761 {"timestamp": "2025-12-17T14:58:21.761367+00:00", "instrument": "USD_JPY", "event": "ORDER_SENT", "side": "BUY", "units": 1, "entry": "155.476", "sl": "155.416", "tp": "155.596", "session": "LONDON"}
